<?xml version="1.0" encoding="utf-8"?>
<CoverageSession xmlns:xsd="http://www.w3.org/2001/XMLSchema" xmlns:xsi="http://www.w3.org/2001/XMLSchema-instance" Version="0.0.0.0">
  <Summary numSequencePoints="1194" visitedSequencePoints="1162" numBranchPoints="0" visitedBranchPoints="0" sequenceCoverage="97.32" branchCoverage="0.0" maxCyclomaticComplexity="0" minCyclomaticComplexity="0" maxCrapScore="0" minCrapScore="0" visitedClasses="62" numClasses="62" visitedMethods="138" numMethods="138" />
  <Modules>
    <Module>
      <Summary numSequencePoints="780" visitedSequencePoints="780" numBranchPoints="0" visitedBranchPoints="0" sequenceCoverage="100.0" branchCoverage="0.0" maxCyclomaticComplexity="0" minCyclomaticComplexity="0" maxCrapScore="0" minCrapScore="0" visitedClasses="46" numClasses="46" visitedMethods="80" numMethods="80" />
      <ModuleTime>0001-01-01T00:00:00</ModuleTime>
      <ModuleName>Unity.TestTools.CodeCoverage.Sample.Asteroids.Tests</ModuleName>
      <Files>
        <File uid="1" fullPath="C:/Users/user/Documents/GitHub/FeatheredArrows/Assets/Samples/Code Coverage/1.2.3/Code Coverage Tutorial/Asteroids/Tests/AsteroidTests.cs" />
        <File uid="2" fullPath="C:/Users/user/Documents/GitHub/FeatheredArrows/Assets/Samples/Code Coverage/1.2.3/Code Coverage Tutorial/Asteroids/Tests/CameraTests.cs" />
        <File uid="3" fullPath="C:/Users/user/Documents/GitHub/FeatheredArrows/Assets/Samples/Code Coverage/1.2.3/Code Coverage Tutorial/Asteroids/Tests/FXTests.cs" />
        <File uid="4" fullPath="C:/Users/user/Documents/GitHub/FeatheredArrows/Assets/Samples/Code Coverage/1.2.3/Code Coverage Tutorial/Asteroids/Tests/GameManagerTests.cs" />
        <File uid="5" fullPath="C:/Users/user/Documents/GitHub/FeatheredArrows/Assets/Samples/Code Coverage/1.2.3/Code Coverage Tutorial/Asteroids/Tests/SpaceshipTests.cs" />
        <File uid="6" fullPath="C:/Users/user/Documents/GitHub/FeatheredArrows/Assets/Samples/Code Coverage/1.2.3/Code Coverage Tutorial/Asteroids/Tests/UserInterfaceTests.cs" />
        <File uid="7" fullPath="C:/Users/user/Documents/GitHub/FeatheredArrows/Assets/Samples/Code Coverage/1.2.3/Code Coverage Tutorial/Asteroids/Tests/WeaponTests.cs" />
      </Files>
      <Classes>
        <Class>
          <Summary numSequencePoints="67" visitedSequencePoints="67" numBranchPoints="0" visitedBranchPoints="0" sequenceCoverage="100.0" branchCoverage="0.0" maxCyclomaticComplexity="0" minCyclomaticComplexity="0" maxCrapScore="0" minCrapScore="0" visitedClasses="1" numClasses="1" visitedMethods="12" numMethods="12" />
          <FullName>AsteroidTests</FullName>
          <Methods>
            <Method visited="true" cyclomaticComplexity="0" nPathComplexity="0" sequenceCoverage="100.0" branchCoverage="0" crapScore="0" isConstructor="false" isStatic="false" isGetter="false" isSetter="false">
              <Summary numSequencePoints="4" visitedSequencePoints="4" numBranchPoints="0" visitedBranchPoints="0" sequenceCoverage="100.0" branchCoverage="0" maxCyclomaticComplexity="0" minCyclomaticComplexity="0" maxCrapScore="0" minCrapScore="0" visitedClasses="0" numClasses="0" visitedMethods="1" numMethods="1" />
              <MetadataToken>100663297</MetadataToken>
              <Name>System.Void AsteroidTests::Setup()</Name>
              <FileRef uid="1" />
              <SequencePoints>
                <SequencePoint vc="20" uspid="1253" ordinal="0" offset="0" sl="12" sc="5" el="12" ec="5" bec="0" bev="0" fileid="1" />
                <SequencePoint vc="20" uspid="1254" ordinal="0" offset="1" sl="13" sc="9" el="13" ec="9" bec="0" bev="0" fileid="1" />
                <SequencePoint vc="20" uspid="1255" ordinal="0" offset="12" sl="15" sc="9" el="15" ec="9" bec="0" bev="0" fileid="1" />
                <SequencePoint vc="20" uspid="1256" ordinal="0" offset="53" sl="16" sc="5" el="16" ec="5" bec="0" bev="0" fileid="1" />
              </SequencePoints>
              <BranchPoints />
            </Method>
            <Method visited="true" cyclomaticComplexity="0" nPathComplexity="0" sequenceCoverage="100.0" branchCoverage="0" crapScore="0" isConstructor="false" isStatic="false" isGetter="false" isSetter="false">
              <Summary numSequencePoints="11" visitedSequencePoints="11" numBranchPoints="0" visitedBranchPoints="0" sequenceCoverage="100.0" branchCoverage="0" maxCyclomaticComplexity="0" minCyclomaticComplexity="0" maxCrapScore="0" minCrapScore="0" visitedClasses="0" numClasses="0" visitedMethods="1" numMethods="1" />
              <MetadataToken>100663298</MetadataToken>
              <Name>System.Void AsteroidTests::ClearScene()</Name>
              <FileRef uid="1" />
              <SequencePoints>
                <SequencePoint vc="14" uspid="1257" ordinal="0" offset="0" sl="19" sc="5" el="19" ec="5" bec="0" bev="0" fileid="1" />
                <SequencePoint vc="14" uspid="1258" ordinal="0" offset="1" sl="20" sc="9" el="20" ec="9" bec="0" bev="0" fileid="1" />
                <SequencePoint vc="14" uspid="1259" ordinal="0" offset="7" sl="21" sc="9" el="21" ec="9" bec="0" bev="0" fileid="1" />
                <SequencePoint vc="14" uspid="1260" ordinal="0" offset="8" sl="21" sc="35" el="21" ec="35" bec="0" bev="0" fileid="1" />
                <SequencePoint vc="97" uspid="1261" ordinal="0" offset="14" sl="21" sc="18" el="21" ec="18" bec="0" bev="0" fileid="1" />
                <SequencePoint vc="97" uspid="1262" ordinal="0" offset="18" sl="22" sc="9" el="22" ec="9" bec="0" bev="0" fileid="1" />
                <SequencePoint vc="97" uspid="1263" ordinal="0" offset="19" sl="23" sc="13" el="23" ec="13" bec="0" bev="0" fileid="1" />
                <SequencePoint vc="97" uspid="1264" ordinal="0" offset="32" sl="24" sc="17" el="24" ec="17" bec="0" bev="0" fileid="1" />
                <SequencePoint vc="97" uspid="1265" ordinal="0" offset="44" sl="25" sc="9" el="25" ec="9" bec="0" bev="0" fileid="1" />
                <SequencePoint vc="111" uspid="1266" ordinal="0" offset="49" sl="21" sc="32" el="21" ec="32" bec="0" bev="0" fileid="1" />
                <SequencePoint vc="14" uspid="1267" ordinal="0" offset="55" sl="26" sc="5" el="26" ec="5" bec="0" bev="0" fileid="1" />
              </SequencePoints>
              <BranchPoints />
            </Method>
            <Method visited="true" cyclomaticComplexity="0" nPathComplexity="0" sequenceCoverage="100.0" branchCoverage="0" crapScore="0" isConstructor="false" isStatic="false" isGetter="false" isSetter="false">
              <Summary numSequencePoints="3" visitedSequencePoints="3" numBranchPoints="0" visitedBranchPoints="0" sequenceCoverage="100.0" branchCoverage="0" maxCyclomaticComplexity="0" minCyclomaticComplexity="0" maxCrapScore="0" minCrapScore="0" visitedClasses="0" numClasses="0" visitedMethods="1" numMethods="1" />
              <MetadataToken>100663299</MetadataToken>
              <Name>System.Void AsteroidTests::_01_AsteroidPrefabExists()</Name>
              <FileRef uid="1" />
              <SequencePoints>
                <SequencePoint vc="1" uspid="1268" ordinal="0" offset="0" sl="30" sc="5" el="30" ec="5" bec="0" bev="0" fileid="1" />
                <SequencePoint vc="1" uspid="1269" ordinal="0" offset="1" sl="31" sc="9" el="31" ec="9" bec="0" bev="0" fileid="1" />
                <SequencePoint vc="1" uspid="1270" ordinal="0" offset="13" sl="32" sc="5" el="32" ec="5" bec="0" bev="0" fileid="1" />
              </SequencePoints>
              <BranchPoints />
            </Method>
            <Method visited="true" cyclomaticComplexity="0" nPathComplexity="0" sequenceCoverage="100.0" branchCoverage="0" crapScore="0" isConstructor="false" isStatic="false" isGetter="false" isSetter="false">
              <Summary numSequencePoints="6" visitedSequencePoints="6" numBranchPoints="0" visitedBranchPoints="0" sequenceCoverage="100.0" branchCoverage="0" maxCyclomaticComplexity="0" minCyclomaticComplexity="0" maxCrapScore="0" minCrapScore="0" visitedClasses="0" numClasses="0" visitedMethods="1" numMethods="1" />
              <MetadataToken>100663300</MetadataToken>
              <Name>System.Void AsteroidTests::_02_AsteroidPrefabCanBeInstantiated()</Name>
              <FileRef uid="1" />
              <SequencePoints>
                <SequencePoint vc="1" uspid="1271" ordinal="0" offset="0" sl="36" sc="5" el="36" ec="5" bec="0" bev="0" fileid="1" />
                <SequencePoint vc="1" uspid="1272" ordinal="0" offset="1" sl="37" sc="9" el="37" ec="9" bec="0" bev="0" fileid="1" />
                <SequencePoint vc="1" uspid="1273" ordinal="0" offset="8" sl="38" sc="9" el="38" ec="9" bec="0" bev="0" fileid="1" />
                <SequencePoint vc="1" uspid="1274" ordinal="0" offset="20" sl="39" sc="9" el="39" ec="9" bec="0" bev="0" fileid="1" />
                <SequencePoint vc="1" uspid="1275" ordinal="0" offset="32" sl="40" sc="9" el="40" ec="9" bec="0" bev="0" fileid="1" />
                <SequencePoint vc="1" uspid="1276" ordinal="0" offset="48" sl="41" sc="5" el="41" ec="5" bec="0" bev="0" fileid="1" />
              </SequencePoints>
              <BranchPoints />
            </Method>
            <Method visited="true" cyclomaticComplexity="0" nPathComplexity="0" sequenceCoverage="100.0" branchCoverage="0" crapScore="0" isConstructor="false" isStatic="false" isGetter="false" isSetter="false">
              <Summary numSequencePoints="3" visitedSequencePoints="3" numBranchPoints="0" visitedBranchPoints="0" sequenceCoverage="100.0" branchCoverage="0" maxCyclomaticComplexity="0" minCyclomaticComplexity="0" maxCrapScore="0" minCrapScore="0" visitedClasses="0" numClasses="0" visitedMethods="1" numMethods="1" />
              <MetadataToken>100663301</MetadataToken>
              <Name>System.Void AsteroidTests::_03_AsteroidPrefabHasRequiredComponentTransform()</Name>
              <FileRef uid="1" />
              <SequencePoints>
                <SequencePoint vc="1" uspid="1277" ordinal="0" offset="0" sl="45" sc="5" el="45" ec="5" bec="0" bev="0" fileid="1" />
                <SequencePoint vc="1" uspid="1278" ordinal="0" offset="1" sl="46" sc="9" el="46" ec="9" bec="0" bev="0" fileid="1" />
                <SequencePoint vc="1" uspid="1279" ordinal="0" offset="18" sl="47" sc="5" el="47" ec="5" bec="0" bev="0" fileid="1" />
              </SequencePoints>
              <BranchPoints />
            </Method>
            <Method visited="true" cyclomaticComplexity="0" nPathComplexity="0" sequenceCoverage="100.0" branchCoverage="0" crapScore="0" isConstructor="false" isStatic="false" isGetter="false" isSetter="false">
              <Summary numSequencePoints="3" visitedSequencePoints="3" numBranchPoints="0" visitedBranchPoints="0" sequenceCoverage="100.0" branchCoverage="0" maxCyclomaticComplexity="0" minCyclomaticComplexity="0" maxCrapScore="0" minCrapScore="0" visitedClasses="0" numClasses="0" visitedMethods="1" numMethods="1" />
              <MetadataToken>100663302</MetadataToken>
              <Name>System.Void AsteroidTests::_04_AsteroidPrefabHasRequiredComponentCollider()</Name>
              <FileRef uid="1" />
              <SequencePoints>
                <SequencePoint vc="1" uspid="1280" ordinal="0" offset="0" sl="51" sc="5" el="51" ec="5" bec="0" bev="0" fileid="1" />
                <SequencePoint vc="1" uspid="1281" ordinal="0" offset="1" sl="52" sc="9" el="52" ec="9" bec="0" bev="0" fileid="1" />
                <SequencePoint vc="1" uspid="1282" ordinal="0" offset="18" sl="53" sc="5" el="53" ec="5" bec="0" bev="0" fileid="1" />
              </SequencePoints>
              <BranchPoints />
            </Method>
            <Method visited="true" cyclomaticComplexity="0" nPathComplexity="0" sequenceCoverage="100.0" branchCoverage="0" crapScore="0" isConstructor="false" isStatic="false" isGetter="false" isSetter="false">
              <Summary numSequencePoints="4" visitedSequencePoints="4" numBranchPoints="0" visitedBranchPoints="0" sequenceCoverage="100.0" branchCoverage="0" maxCyclomaticComplexity="0" minCyclomaticComplexity="0" maxCrapScore="0" minCrapScore="0" visitedClasses="0" numClasses="0" visitedMethods="1" numMethods="1" />
              <MetadataToken>100663303</MetadataToken>
              <Name>System.Void AsteroidTests::_05_AsteroidPrefabHasRequiredComponentControllerScript()</Name>
              <FileRef uid="1" />
              <SequencePoints>
                <SequencePoint vc="1" uspid="1283" ordinal="0" offset="0" sl="57" sc="5" el="57" ec="5" bec="0" bev="0" fileid="1" />
                <SequencePoint vc="1" uspid="1284" ordinal="0" offset="1" sl="58" sc="9" el="58" ec="9" bec="0" bev="0" fileid="1" />
                <SequencePoint vc="1" uspid="1285" ordinal="0" offset="18" sl="59" sc="9" el="59" ec="9" bec="0" bev="0" fileid="1" />
                <SequencePoint vc="1" uspid="1286" ordinal="0" offset="40" sl="60" sc="5" el="60" ec="5" bec="0" bev="0" fileid="1" />
              </SequencePoints>
              <BranchPoints />
            </Method>
            <Method visited="true" cyclomaticComplexity="0" nPathComplexity="0" sequenceCoverage="100.0" branchCoverage="0" crapScore="0" isConstructor="false" isStatic="false" isGetter="false" isSetter="false">
              <Summary numSequencePoints="6" visitedSequencePoints="6" numBranchPoints="0" visitedBranchPoints="0" sequenceCoverage="100.0" branchCoverage="0" maxCyclomaticComplexity="0" minCyclomaticComplexity="0" maxCrapScore="0" minCrapScore="0" visitedClasses="0" numClasses="0" visitedMethods="1" numMethods="1" />
              <MetadataToken>100663305</MetadataToken>
              <Name>System.Void AsteroidTests::_07_AsteroidSplitCountCanBeChanged()</Name>
              <FileRef uid="1" />
              <SequencePoints>
                <SequencePoint vc="1" uspid="1287" ordinal="0" offset="0" sl="76" sc="5" el="76" ec="5" bec="0" bev="0" fileid="1" />
                <SequencePoint vc="1" uspid="1288" ordinal="0" offset="1" sl="77" sc="9" el="77" ec="9" bec="0" bev="0" fileid="1" />
                <SequencePoint vc="1" uspid="1289" ordinal="0" offset="8" sl="78" sc="9" el="78" ec="9" bec="0" bev="0" fileid="1" />
                <SequencePoint vc="1" uspid="1290" ordinal="0" offset="35" sl="79" sc="9" el="79" ec="9" bec="0" bev="0" fileid="1" />
                <SequencePoint vc="1" uspid="1291" ordinal="0" offset="43" sl="80" sc="9" el="80" ec="9" bec="0" bev="0" fileid="1" />
                <SequencePoint vc="1" uspid="1292" ordinal="0" offset="58" sl="81" sc="5" el="81" ec="5" bec="0" bev="0" fileid="1" />
              </SequencePoints>
              <BranchPoints />
            </Method>
            <Method visited="true" cyclomaticComplexity="0" nPathComplexity="0" sequenceCoverage="100.0" branchCoverage="0" crapScore="0" isConstructor="false" isStatic="false" isGetter="false" isSetter="false">
              <Summary numSequencePoints="6" visitedSequencePoints="6" numBranchPoints="0" visitedBranchPoints="0" sequenceCoverage="100.0" branchCoverage="0" maxCyclomaticComplexity="0" minCyclomaticComplexity="0" maxCrapScore="0" minCrapScore="0" visitedClasses="0" numClasses="0" visitedMethods="1" numMethods="1" />
              <MetadataToken>100663310</MetadataToken>
              <Name>System.Void AsteroidTests::_12_AsteroidCanMove()</Name>
              <FileRef uid="1" />
              <SequencePoints>
                <SequencePoint vc="1" uspid="1293" ordinal="0" offset="0" sl="159" sc="5" el="159" ec="5" bec="0" bev="0" fileid="1" />
                <SequencePoint vc="1" uspid="1294" ordinal="0" offset="1" sl="160" sc="9" el="160" ec="9" bec="0" bev="0" fileid="1" />
                <SequencePoint vc="1" uspid="1295" ordinal="0" offset="8" sl="161" sc="9" el="161" ec="9" bec="0" bev="0" fileid="1" />
                <SequencePoint vc="1" uspid="1296" ordinal="0" offset="35" sl="162" sc="9" el="162" ec="9" bec="0" bev="0" fileid="1" />
                <SequencePoint vc="1" uspid="1297" ordinal="0" offset="42" sl="163" sc="9" el="163" ec="9" bec="0" bev="0" fileid="1" />
                <SequencePoint vc="1" uspid="1298" ordinal="0" offset="69" sl="164" sc="5" el="164" ec="5" bec="0" bev="0" fileid="1" />
              </SequencePoints>
              <BranchPoints />
            </Method>
            <Method visited="true" cyclomaticComplexity="0" nPathComplexity="0" sequenceCoverage="100.0" branchCoverage="0" crapScore="0" isConstructor="false" isStatic="false" isGetter="false" isSetter="false">
              <Summary numSequencePoints="6" visitedSequencePoints="6" numBranchPoints="0" visitedBranchPoints="0" sequenceCoverage="100.0" branchCoverage="0" maxCyclomaticComplexity="0" minCyclomaticComplexity="0" maxCrapScore="0" minCrapScore="0" visitedClasses="0" numClasses="0" visitedMethods="1" numMethods="1" />
              <MetadataToken>100663311</MetadataToken>
              <Name>System.Void AsteroidTests::_13_AsteroidDirectionCanBeChanged()</Name>
              <FileRef uid="1" />
              <SequencePoints>
                <SequencePoint vc="1" uspid="1299" ordinal="0" offset="0" sl="168" sc="5" el="168" ec="5" bec="0" bev="0" fileid="1" />
                <SequencePoint vc="1" uspid="1300" ordinal="0" offset="1" sl="169" sc="9" el="169" ec="9" bec="0" bev="0" fileid="1" />
                <SequencePoint vc="1" uspid="1301" ordinal="0" offset="8" sl="170" sc="9" el="170" ec="9" bec="0" bev="0" fileid="1" />
                <SequencePoint vc="1" uspid="1302" ordinal="0" offset="35" sl="171" sc="9" el="171" ec="9" bec="0" bev="0" fileid="1" />
                <SequencePoint vc="1" uspid="1303" ordinal="0" offset="47" sl="172" sc="9" el="172" ec="9" bec="0" bev="0" fileid="1" />
                <SequencePoint vc="1" uspid="1304" ordinal="0" offset="69" sl="173" sc="5" el="173" ec="5" bec="0" bev="0" fileid="1" />
              </SequencePoints>
              <BranchPoints />
            </Method>
            <Method visited="true" cyclomaticComplexity="0" nPathComplexity="0" sequenceCoverage="100.0" branchCoverage="0" crapScore="0" isConstructor="false" isStatic="false" isGetter="false" isSetter="false">
              <Summary numSequencePoints="9" visitedSequencePoints="9" numBranchPoints="0" visitedBranchPoints="0" sequenceCoverage="100.0" branchCoverage="0" maxCyclomaticComplexity="0" minCyclomaticComplexity="0" maxCrapScore="0" minCrapScore="0" visitedClasses="0" numClasses="0" visitedMethods="1" numMethods="1" />
              <MetadataToken>100663314</MetadataToken>
              <Name>System.Void AsteroidTests::_16_AsteroidPrefabHasRequiredVisual()</Name>
              <FileRef uid="1" />
              <SequencePoints>
                <SequencePoint vc="1" uspid="1305" ordinal="0" offset="0" sl="206" sc="5" el="206" ec="5" bec="0" bev="0" fileid="1" />
                <SequencePoint vc="1" uspid="1306" ordinal="0" offset="1" sl="207" sc="9" el="207" ec="9" bec="0" bev="0" fileid="1" />
                <SequencePoint vc="1" uspid="1307" ordinal="0" offset="19" sl="208" sc="9" el="208" ec="9" bec="0" bev="0" fileid="1" />
                <SequencePoint vc="1" uspid="1308" ordinal="0" offset="41" sl="209" sc="9" el="209" ec="9" bec="0" bev="0" fileid="1" />
                <SequencePoint vc="1" uspid="1309" ordinal="0" offset="48" sl="210" sc="9" el="210" ec="9" bec="0" bev="0" fileid="1" />
                <SequencePoint vc="1" uspid="1310" ordinal="0" offset="60" sl="211" sc="9" el="211" ec="9" bec="0" bev="0" fileid="1" />
                <SequencePoint vc="1" uspid="1311" ordinal="0" offset="79" sl="212" sc="9" el="212" ec="9" bec="0" bev="0" fileid="1" />
                <SequencePoint vc="1" uspid="1312" ordinal="0" offset="91" sl="213" sc="9" el="213" ec="9" bec="0" bev="0" fileid="1" />
                <SequencePoint vc="1" uspid="1313" ordinal="0" offset="108" sl="214" sc="5" el="214" ec="5" bec="0" bev="0" fileid="1" />
              </SequencePoints>
              <BranchPoints />
            </Method>
            <Method visited="true" cyclomaticComplexity="0" nPathComplexity="0" sequenceCoverage="100.0" branchCoverage="0" crapScore="0" isConstructor="false" isStatic="false" isGetter="false" isSetter="false">
              <Summary numSequencePoints="6" visitedSequencePoints="6" numBranchPoints="0" visitedBranchPoints="0" sequenceCoverage="100.0" branchCoverage="0" maxCyclomaticComplexity="0" minCyclomaticComplexity="0" maxCrapScore="0" minCrapScore="0" visitedClasses="0" numClasses="0" visitedMethods="1" numMethods="1" />
              <MetadataToken>100663315</MetadataToken>
              <Name>System.Void AsteroidTests::_17_AsteroidPrefabHasRequiredComponentRigidbody()</Name>
              <FileRef uid="1" />
              <SequencePoints>
                <SequencePoint vc="1" uspid="1314" ordinal="0" offset="0" sl="218" sc="5" el="218" ec="5" bec="0" bev="0" fileid="1" />
                <SequencePoint vc="1" uspid="1315" ordinal="0" offset="1" sl="219" sc="9" el="219" ec="9" bec="0" bev="0" fileid="1" />
                <SequencePoint vc="1" uspid="1316" ordinal="0" offset="18" sl="220" sc="9" el="220" ec="9" bec="0" bev="0" fileid="1" />
                <SequencePoint vc="1" uspid="1317" ordinal="0" offset="40" sl="221" sc="9" el="221" ec="9" bec="0" bev="0" fileid="1" />
                <SequencePoint vc="1" uspid="1318" ordinal="0" offset="65" sl="222" sc="9" el="222" ec="9" bec="0" bev="0" fileid="1" />
                <SequencePoint vc="1" uspid="1319" ordinal="0" offset="90" sl="223" sc="5" el="223" ec="5" bec="0" bev="0" fileid="1" />
              </SequencePoints>
              <BranchPoints />
            </Method>
          </Methods>
        </Class>
        <Class>
          <Summary numSequencePoints="14" visitedSequencePoints="14" numBranchPoints="0" visitedBranchPoints="0" sequenceCoverage="100.0" branchCoverage="0.0" maxCyclomaticComplexity="0" minCyclomaticComplexity="0" maxCrapScore="0" minCrapScore="0" visitedClasses="1" numClasses="1" visitedMethods="3" numMethods="3" />
          <FullName>CameraTests</FullName>
          <Methods>
            <Method visited="true" cyclomaticComplexity="0" nPathComplexity="0" sequenceCoverage="100.0" branchCoverage="0" crapScore="0" isConstructor="false" isStatic="false" isGetter="false" isSetter="false">
              <Summary numSequencePoints="7" visitedSequencePoints="7" numBranchPoints="0" visitedBranchPoints="0" sequenceCoverage="100.0" branchCoverage="0" maxCyclomaticComplexity="0" minCyclomaticComplexity="0" maxCrapScore="0" minCrapScore="0" visitedClasses="0" numClasses="0" visitedMethods="1" numMethods="1" />
              <MetadataToken>100663320</MetadataToken>
              <Name>System.Void CameraTests::Setup()</Name>
              <FileRef uid="2" />
              <SequencePoints>
                <SequencePoint vc="3" uspid="1320" ordinal="0" offset="0" sl="23" sc="5" el="23" ec="5" bec="0" bev="0" fileid="2" />
                <SequencePoint vc="3" uspid="1321" ordinal="0" offset="1" sl="24" sc="9" el="24" ec="9" bec="0" bev="0" fileid="2" />
                <SequencePoint vc="3" uspid="1322" ordinal="0" offset="12" sl="26" sc="9" el="26" ec="9" bec="0" bev="0" fileid="2" />
                <SequencePoint vc="3" uspid="1323" ordinal="0" offset="25" sl="28" sc="9" el="28" ec="9" bec="0" bev="0" fileid="2" />
                <SequencePoint vc="3" uspid="1324" ordinal="0" offset="51" sl="31" sc="9" el="31" ec="9" bec="0" bev="0" fileid="2" />
                <SequencePoint vc="3" uspid="1325" ordinal="0" offset="63" sl="33" sc="9" el="33" ec="9" bec="0" bev="0" fileid="2" />
                <SequencePoint vc="3" uspid="1326" ordinal="0" offset="104" sl="34" sc="5" el="34" ec="5" bec="0" bev="0" fileid="2" />
              </SequencePoints>
              <BranchPoints />
            </Method>
            <Method visited="true" cyclomaticComplexity="0" nPathComplexity="0" sequenceCoverage="100.0" branchCoverage="0" crapScore="0" isConstructor="false" isStatic="false" isGetter="false" isSetter="false">
              <Summary numSequencePoints="3" visitedSequencePoints="3" numBranchPoints="0" visitedBranchPoints="0" sequenceCoverage="100.0" branchCoverage="0" maxCyclomaticComplexity="0" minCyclomaticComplexity="0" maxCrapScore="0" minCrapScore="0" visitedClasses="0" numClasses="0" visitedMethods="1" numMethods="1" />
              <MetadataToken>100663321</MetadataToken>
              <Name>System.Void CameraTests::_01_CameraPrefabExists()</Name>
              <FileRef uid="2" />
              <SequencePoints>
                <SequencePoint vc="1" uspid="1327" ordinal="0" offset="0" sl="38" sc="5" el="38" ec="5" bec="0" bev="0" fileid="2" />
                <SequencePoint vc="1" uspid="1328" ordinal="0" offset="1" sl="39" sc="9" el="39" ec="9" bec="0" bev="0" fileid="2" />
                <SequencePoint vc="1" uspid="1329" ordinal="0" offset="13" sl="40" sc="5" el="40" ec="5" bec="0" bev="0" fileid="2" />
              </SequencePoints>
              <BranchPoints />
            </Method>
            <Method visited="true" cyclomaticComplexity="0" nPathComplexity="0" sequenceCoverage="100.0" branchCoverage="0" crapScore="0" isConstructor="false" isStatic="false" isGetter="false" isSetter="false">
              <Summary numSequencePoints="4" visitedSequencePoints="4" numBranchPoints="0" visitedBranchPoints="0" sequenceCoverage="100.0" branchCoverage="0" maxCyclomaticComplexity="0" minCyclomaticComplexity="0" maxCrapScore="0" minCrapScore="0" visitedClasses="0" numClasses="0" visitedMethods="1" numMethods="1" />
              <MetadataToken>100663322</MetadataToken>
              <Name>System.Void CameraTests::_02_CameraPrefabHasRequiredComponents()</Name>
              <FileRef uid="2" />
              <SequencePoints>
                <SequencePoint vc="1" uspid="1330" ordinal="0" offset="0" sl="44" sc="5" el="44" ec="5" bec="0" bev="0" fileid="2" />
                <SequencePoint vc="1" uspid="1331" ordinal="0" offset="1" sl="45" sc="9" el="45" ec="9" bec="0" bev="0" fileid="2" />
                <SequencePoint vc="1" uspid="1332" ordinal="0" offset="26" sl="46" sc="9" el="46" ec="9" bec="0" bev="0" fileid="2" />
                <SequencePoint vc="1" uspid="1333" ordinal="0" offset="48" sl="47" sc="5" el="47" ec="5" bec="0" bev="0" fileid="2" />
              </SequencePoints>
              <BranchPoints />
            </Method>
          </Methods>
        </Class>
        <Class>
          <Summary numSequencePoints="23" visitedSequencePoints="23" numBranchPoints="0" visitedBranchPoints="0" sequenceCoverage="100.0" branchCoverage="0.0" maxCyclomaticComplexity="0" minCyclomaticComplexity="0" maxCrapScore="0" minCrapScore="0" visitedClasses="1" numClasses="1" visitedMethods="3" numMethods="3" />
          <FullName>FXTests</FullName>
          <Methods>
            <Method visited="true" cyclomaticComplexity="0" nPathComplexity="0" sequenceCoverage="100.0" branchCoverage="0" crapScore="0" isConstructor="false" isStatic="false" isGetter="false" isSetter="false">
              <Summary numSequencePoints="7" visitedSequencePoints="7" numBranchPoints="0" visitedBranchPoints="0" sequenceCoverage="100.0" branchCoverage="0" maxCyclomaticComplexity="0" minCyclomaticComplexity="0" maxCrapScore="0" minCrapScore="0" visitedClasses="0" numClasses="0" visitedMethods="1" numMethods="1" />
              <MetadataToken>100663325</MetadataToken>
              <Name>System.Void FXTests::Setup()</Name>
              <FileRef uid="3" />
              <SequencePoints>
                <SequencePoint vc="5" uspid="1334" ordinal="0" offset="0" sl="15" sc="5" el="15" ec="5" bec="0" bev="0" fileid="3" />
                <SequencePoint vc="5" uspid="1335" ordinal="0" offset="1" sl="16" sc="9" el="16" ec="9" bec="0" bev="0" fileid="3" />
                <SequencePoint vc="5" uspid="1336" ordinal="0" offset="12" sl="18" sc="9" el="18" ec="9" bec="0" bev="0" fileid="3" />
                <SequencePoint vc="5" uspid="1337" ordinal="0" offset="53" sl="19" sc="9" el="19" ec="9" bec="0" bev="0" fileid="3" />
                <SequencePoint vc="5" uspid="1338" ordinal="0" offset="94" sl="20" sc="9" el="20" ec="9" bec="0" bev="0" fileid="3" />
                <SequencePoint vc="5" uspid="1339" ordinal="0" offset="135" sl="21" sc="9" el="21" ec="9" bec="0" bev="0" fileid="3" />
                <SequencePoint vc="5" uspid="1340" ordinal="0" offset="176" sl="22" sc="5" el="22" ec="5" bec="0" bev="0" fileid="3" />
              </SequencePoints>
              <BranchPoints />
            </Method>
            <Method visited="true" cyclomaticComplexity="0" nPathComplexity="0" sequenceCoverage="100.0" branchCoverage="0" crapScore="0" isConstructor="false" isStatic="false" isGetter="false" isSetter="false">
              <Summary numSequencePoints="11" visitedSequencePoints="11" numBranchPoints="0" visitedBranchPoints="0" sequenceCoverage="100.0" branchCoverage="0" maxCyclomaticComplexity="0" minCyclomaticComplexity="0" maxCrapScore="0" minCrapScore="0" visitedClasses="0" numClasses="0" visitedMethods="1" numMethods="1" />
              <MetadataToken>100663326</MetadataToken>
              <Name>System.Void FXTests::ClearScene()</Name>
              <FileRef uid="3" />
              <SequencePoints>
                <SequencePoint vc="4" uspid="1341" ordinal="0" offset="0" sl="25" sc="5" el="25" ec="5" bec="0" bev="0" fileid="3" />
                <SequencePoint vc="4" uspid="1342" ordinal="0" offset="1" sl="26" sc="9" el="26" ec="9" bec="0" bev="0" fileid="3" />
                <SequencePoint vc="4" uspid="1343" ordinal="0" offset="7" sl="27" sc="9" el="27" ec="9" bec="0" bev="0" fileid="3" />
                <SequencePoint vc="4" uspid="1344" ordinal="0" offset="8" sl="27" sc="35" el="27" ec="35" bec="0" bev="0" fileid="3" />
                <SequencePoint vc="42" uspid="1345" ordinal="0" offset="14" sl="27" sc="18" el="27" ec="18" bec="0" bev="0" fileid="3" />
                <SequencePoint vc="42" uspid="1346" ordinal="0" offset="18" sl="28" sc="9" el="28" ec="9" bec="0" bev="0" fileid="3" />
                <SequencePoint vc="42" uspid="1347" ordinal="0" offset="19" sl="29" sc="13" el="29" ec="13" bec="0" bev="0" fileid="3" />
                <SequencePoint vc="42" uspid="1348" ordinal="0" offset="32" sl="30" sc="17" el="30" ec="17" bec="0" bev="0" fileid="3" />
                <SequencePoint vc="42" uspid="1349" ordinal="0" offset="44" sl="31" sc="9" el="31" ec="9" bec="0" bev="0" fileid="3" />
                <SequencePoint vc="46" uspid="1350" ordinal="0" offset="49" sl="27" sc="32" el="27" ec="32" bec="0" bev="0" fileid="3" />
                <SequencePoint vc="4" uspid="1351" ordinal="0" offset="55" sl="32" sc="5" el="32" ec="5" bec="0" bev="0" fileid="3" />
              </SequencePoints>
              <BranchPoints />
            </Method>
            <Method visited="true" cyclomaticComplexity="0" nPathComplexity="0" sequenceCoverage="100.0" branchCoverage="0" crapScore="0" isConstructor="false" isStatic="false" isGetter="false" isSetter="false">
              <Summary numSequencePoints="5" visitedSequencePoints="5" numBranchPoints="0" visitedBranchPoints="0" sequenceCoverage="100.0" branchCoverage="0" maxCyclomaticComplexity="0" minCyclomaticComplexity="0" maxCrapScore="0" minCrapScore="0" visitedClasses="0" numClasses="0" visitedMethods="1" numMethods="1" />
              <MetadataToken>100663327</MetadataToken>
              <Name>System.Void FXTests::_01_FXPrefabsExist()</Name>
              <FileRef uid="3" />
              <SequencePoints>
                <SequencePoint vc="1" uspid="1352" ordinal="0" offset="0" sl="36" sc="5" el="36" ec="5" bec="0" bev="0" fileid="3" />
                <SequencePoint vc="1" uspid="1353" ordinal="0" offset="1" sl="37" sc="9" el="37" ec="9" bec="0" bev="0" fileid="3" />
                <SequencePoint vc="1" uspid="1354" ordinal="0" offset="13" sl="38" sc="9" el="38" ec="9" bec="0" bev="0" fileid="3" />
                <SequencePoint vc="1" uspid="1355" ordinal="0" offset="30" sl="39" sc="9" el="39" ec="9" bec="0" bev="0" fileid="3" />
                <SequencePoint vc="1" uspid="1356" ordinal="0" offset="42" sl="40" sc="5" el="40" ec="5" bec="0" bev="0" fileid="3" />
              </SequencePoints>
              <BranchPoints />
            </Method>
          </Methods>
        </Class>
        <Class>
          <Summary numSequencePoints="72" visitedSequencePoints="72" numBranchPoints="0" visitedBranchPoints="0" sequenceCoverage="100.0" branchCoverage="0.0" maxCyclomaticComplexity="0" minCyclomaticComplexity="0" maxCrapScore="0" minCrapScore="0" visitedClasses="1" numClasses="1" visitedMethods="6" numMethods="6" />
          <FullName>GameManagerTests</FullName>
          <Methods>
            <Method visited="true" cyclomaticComplexity="0" nPathComplexity="0" sequenceCoverage="100.0" branchCoverage="0" crapScore="0" isConstructor="false" isStatic="false" isGetter="false" isSetter="false">
              <Summary numSequencePoints="8" visitedSequencePoints="8" numBranchPoints="0" visitedBranchPoints="0" sequenceCoverage="100.0" branchCoverage="0" maxCyclomaticComplexity="0" minCyclomaticComplexity="0" maxCrapScore="0" minCrapScore="0" visitedClasses="0" numClasses="0" visitedMethods="1" numMethods="1" />
              <MetadataToken>100663333</MetadataToken>
              <Name>System.Void GameManagerTests::Setup()</Name>
              <FileRef uid="4" />
              <SequencePoints>
                <SequencePoint vc="12" uspid="1357" ordinal="0" offset="0" sl="26" sc="5" el="26" ec="5" bec="0" bev="0" fileid="4" />
                <SequencePoint vc="12" uspid="1358" ordinal="0" offset="1" sl="27" sc="9" el="27" ec="9" bec="0" bev="0" fileid="4" />
                <SequencePoint vc="12" uspid="1359" ordinal="0" offset="14" sl="29" sc="9" el="29" ec="9" bec="0" bev="0" fileid="4" />
                <SequencePoint vc="12" uspid="1360" ordinal="0" offset="40" sl="32" sc="9" el="32" ec="9" bec="0" bev="0" fileid="4" />
                <SequencePoint vc="12" uspid="1361" ordinal="0" offset="52" sl="34" sc="9" el="34" ec="9" bec="0" bev="0" fileid="4" />
                <SequencePoint vc="12" uspid="1362" ordinal="0" offset="93" sl="35" sc="9" el="35" ec="9" bec="0" bev="0" fileid="4" />
                <SequencePoint vc="12" uspid="1363" ordinal="0" offset="134" sl="36" sc="9" el="36" ec="9" bec="0" bev="0" fileid="4" />
                <SequencePoint vc="12" uspid="1364" ordinal="0" offset="175" sl="37" sc="5" el="37" ec="5" bec="0" bev="0" fileid="4" />
              </SequencePoints>
              <BranchPoints />
            </Method>
            <Method visited="true" cyclomaticComplexity="0" nPathComplexity="0" sequenceCoverage="100.0" branchCoverage="0" crapScore="0" isConstructor="false" isStatic="false" isGetter="false" isSetter="false">
              <Summary numSequencePoints="11" visitedSequencePoints="11" numBranchPoints="0" visitedBranchPoints="0" sequenceCoverage="100.0" branchCoverage="0" maxCyclomaticComplexity="0" minCyclomaticComplexity="0" maxCrapScore="0" minCrapScore="0" visitedClasses="0" numClasses="0" visitedMethods="1" numMethods="1" />
              <MetadataToken>100663334</MetadataToken>
              <Name>System.Void GameManagerTests::ClearScene()</Name>
              <FileRef uid="4" />
              <SequencePoints>
                <SequencePoint vc="9" uspid="1365" ordinal="0" offset="0" sl="40" sc="5" el="40" ec="5" bec="0" bev="0" fileid="4" />
                <SequencePoint vc="9" uspid="1366" ordinal="0" offset="1" sl="41" sc="9" el="41" ec="9" bec="0" bev="0" fileid="4" />
                <SequencePoint vc="9" uspid="1367" ordinal="0" offset="7" sl="42" sc="9" el="42" ec="9" bec="0" bev="0" fileid="4" />
                <SequencePoint vc="9" uspid="1368" ordinal="0" offset="8" sl="42" sc="35" el="42" ec="35" bec="0" bev="0" fileid="4" />
                <SequencePoint vc="488" uspid="1369" ordinal="0" offset="14" sl="42" sc="18" el="42" ec="18" bec="0" bev="0" fileid="4" />
                <SequencePoint vc="488" uspid="1370" ordinal="0" offset="18" sl="43" sc="9" el="43" ec="9" bec="0" bev="0" fileid="4" />
                <SequencePoint vc="488" uspid="1371" ordinal="0" offset="19" sl="44" sc="13" el="44" ec="13" bec="0" bev="0" fileid="4" />
                <SequencePoint vc="488" uspid="1372" ordinal="0" offset="32" sl="45" sc="17" el="45" ec="17" bec="0" bev="0" fileid="4" />
                <SequencePoint vc="488" uspid="1373" ordinal="0" offset="44" sl="46" sc="9" el="46" ec="9" bec="0" bev="0" fileid="4" />
                <SequencePoint vc="497" uspid="1374" ordinal="0" offset="49" sl="42" sc="32" el="42" ec="32" bec="0" bev="0" fileid="4" />
                <SequencePoint vc="9" uspid="1375" ordinal="0" offset="55" sl="47" sc="5" el="47" ec="5" bec="0" bev="0" fileid="4" />
              </SequencePoints>
              <BranchPoints />
            </Method>
            <Method visited="true" cyclomaticComplexity="0" nPathComplexity="0" sequenceCoverage="100.0" branchCoverage="0" crapScore="0" isConstructor="false" isStatic="false" isGetter="false" isSetter="false">
              <Summary numSequencePoints="3" visitedSequencePoints="3" numBranchPoints="0" visitedBranchPoints="0" sequenceCoverage="100.0" branchCoverage="0" maxCyclomaticComplexity="0" minCyclomaticComplexity="0" maxCrapScore="0" minCrapScore="0" visitedClasses="0" numClasses="0" visitedMethods="1" numMethods="1" />
              <MetadataToken>100663335</MetadataToken>
              <Name>System.Void GameManagerTests::_01_GameManagerPrefabExists()</Name>
              <FileRef uid="4" />
              <SequencePoints>
                <SequencePoint vc="1" uspid="1376" ordinal="0" offset="0" sl="51" sc="5" el="51" ec="5" bec="0" bev="0" fileid="4" />
                <SequencePoint vc="1" uspid="1377" ordinal="0" offset="1" sl="52" sc="9" el="52" ec="9" bec="0" bev="0" fileid="4" />
                <SequencePoint vc="1" uspid="1378" ordinal="0" offset="13" sl="53" sc="5" el="53" ec="5" bec="0" bev="0" fileid="4" />
              </SequencePoints>
              <BranchPoints />
            </Method>
            <Method visited="true" cyclomaticComplexity="0" nPathComplexity="0" sequenceCoverage="100.0" branchCoverage="0" crapScore="0" isConstructor="false" isStatic="false" isGetter="false" isSetter="false">
              <Summary numSequencePoints="3" visitedSequencePoints="3" numBranchPoints="0" visitedBranchPoints="0" sequenceCoverage="100.0" branchCoverage="0" maxCyclomaticComplexity="0" minCyclomaticComplexity="0" maxCrapScore="0" minCrapScore="0" visitedClasses="0" numClasses="0" visitedMethods="1" numMethods="1" />
              <MetadataToken>100663336</MetadataToken>
              <Name>System.Void GameManagerTests::_02_GameManagerPrefabHasRequiredComponentScript()</Name>
              <FileRef uid="4" />
              <SequencePoints>
                <SequencePoint vc="1" uspid="1379" ordinal="0" offset="0" sl="57" sc="5" el="57" ec="5" bec="0" bev="0" fileid="4" />
                <SequencePoint vc="1" uspid="1380" ordinal="0" offset="1" sl="58" sc="9" el="58" ec="9" bec="0" bev="0" fileid="4" />
                <SequencePoint vc="1" uspid="1381" ordinal="0" offset="18" sl="59" sc="5" el="59" ec="5" bec="0" bev="0" fileid="4" />
              </SequencePoints>
              <BranchPoints />
            </Method>
            <Method visited="true" cyclomaticComplexity="0" nPathComplexity="0" sequenceCoverage="100.0" branchCoverage="0" crapScore="0" isConstructor="false" isStatic="false" isGetter="false" isSetter="false">
              <Summary numSequencePoints="19" visitedSequencePoints="19" numBranchPoints="0" visitedBranchPoints="0" sequenceCoverage="100.0" branchCoverage="0" maxCyclomaticComplexity="0" minCyclomaticComplexity="0" maxCrapScore="0" minCrapScore="0" visitedClasses="0" numClasses="0" visitedMethods="1" numMethods="1" />
              <MetadataToken>100663343</MetadataToken>
              <Name>System.Void GameManagerTests::_09_GameManagerOnlySpawnsAsteroidsOffscreen()</Name>
              <FileRef uid="4" />
              <SequencePoints>
                <SequencePoint vc="1" uspid="1382" ordinal="0" offset="0" sl="167" sc="5" el="167" ec="5" bec="0" bev="0" fileid="4" />
                <SequencePoint vc="1" uspid="1383" ordinal="0" offset="1" sl="168" sc="9" el="168" ec="9" bec="0" bev="0" fileid="4" />
                <SequencePoint vc="1" uspid="1384" ordinal="0" offset="8" sl="169" sc="9" el="169" ec="9" bec="0" bev="0" fileid="4" />
                <SequencePoint vc="1" uspid="1385" ordinal="0" offset="25" sl="170" sc="9" el="170" ec="9" bec="0" bev="0" fileid="4" />
                <SequencePoint vc="1" uspid="1386" ordinal="0" offset="36" sl="172" sc="9" el="172" ec="9" bec="0" bev="0" fileid="4" />
                <SequencePoint vc="1" uspid="1387" ordinal="0" offset="48" sl="174" sc="14" el="174" ec="14" bec="0" bev="0" fileid="4" />
                <SequencePoint vc="100" uspid="1388" ordinal="0" offset="52" sl="175" sc="13" el="175" ec="13" bec="0" bev="0" fileid="4" />
                <SequencePoint vc="100" uspid="1389" ordinal="0" offset="59" sl="174" sc="34" el="174" ec="34" bec="0" bev="0" fileid="4" />
                <SequencePoint vc="101" uspid="1390" ordinal="0" offset="63" sl="174" sc="25" el="174" ec="25" bec="0" bev="0" fileid="4" />
                <SequencePoint vc="1" uspid="1391" ordinal="0" offset="72" sl="177" sc="9" el="177" ec="9" bec="0" bev="0" fileid="4" />
                <SequencePoint vc="1" uspid="1392" ordinal="0" offset="78" sl="179" sc="9" el="179" ec="9" bec="0" bev="0" fileid="4" />
                <SequencePoint vc="1" uspid="1393" ordinal="0" offset="79" sl="179" sc="45" el="179" ec="45" bec="0" bev="0" fileid="4" />
                <SequencePoint vc="100" uspid="1394" ordinal="0" offset="90" sl="179" sc="18" el="179" ec="18" bec="0" bev="0" fileid="4" />
                <SequencePoint vc="100" uspid="1395" ordinal="0" offset="97" sl="180" sc="9" el="180" ec="9" bec="0" bev="0" fileid="4" />
                <SequencePoint vc="100" uspid="1396" ordinal="0" offset="98" sl="181" sc="13" el="181" ec="13" bec="0" bev="0" fileid="4" />
                <SequencePoint vc="100" uspid="1397" ordinal="0" offset="127" sl="183" sc="13" el="183" ec="13" bec="0" bev="0" fileid="4" />
                <SequencePoint vc="100" uspid="1398" ordinal="0" offset="257" sl="185" sc="9" el="185" ec="9" bec="0" bev="0" fileid="4" />
                <SequencePoint vc="101" uspid="1399" ordinal="0" offset="264" sl="179" sc="42" el="179" ec="42" bec="0" bev="0" fileid="4" />
                <SequencePoint vc="1" uspid="1400" ordinal="0" offset="275" sl="186" sc="5" el="186" ec="5" bec="0" bev="0" fileid="4" />
              </SequencePoints>
              <BranchPoints />
            </Method>
            <Method visited="true" cyclomaticComplexity="0" nPathComplexity="0" sequenceCoverage="100.0" branchCoverage="0" crapScore="0" isConstructor="false" isStatic="false" isGetter="false" isSetter="false">
              <Summary numSequencePoints="28" visitedSequencePoints="28" numBranchPoints="0" visitedBranchPoints="0" sequenceCoverage="100.0" branchCoverage="0" maxCyclomaticComplexity="0" minCyclomaticComplexity="0" maxCrapScore="0" minCrapScore="0" visitedClasses="0" numClasses="0" visitedMethods="1" numMethods="1" />
              <MetadataToken>100663344</MetadataToken>
              <Name>System.Void GameManagerTests::_10_GameManagerSpawnsRandomSizeAsteroids()</Name>
              <FileRef uid="4" />
              <SequencePoints>
                <SequencePoint vc="1" uspid="1401" ordinal="0" offset="0" sl="190" sc="5" el="190" ec="5" bec="0" bev="0" fileid="4" />
                <SequencePoint vc="1" uspid="1402" ordinal="0" offset="1" sl="191" sc="9" el="191" ec="9" bec="0" bev="0" fileid="4" />
                <SequencePoint vc="1" uspid="1403" ordinal="0" offset="8" sl="192" sc="9" el="192" ec="9" bec="0" bev="0" fileid="4" />
                <SequencePoint vc="1" uspid="1404" ordinal="0" offset="25" sl="193" sc="9" el="193" ec="9" bec="0" bev="0" fileid="4" />
                <SequencePoint vc="1" uspid="1405" ordinal="0" offset="36" sl="195" sc="9" el="195" ec="9" bec="0" bev="0" fileid="4" />
                <SequencePoint vc="1" uspid="1406" ordinal="0" offset="38" sl="196" sc="9" el="196" ec="9" bec="0" bev="0" fileid="4" />
                <SequencePoint vc="1" uspid="1407" ordinal="0" offset="40" sl="197" sc="9" el="197" ec="9" bec="0" bev="0" fileid="4" />
                <SequencePoint vc="1" uspid="1408" ordinal="0" offset="42" sl="199" sc="14" el="199" ec="14" bec="0" bev="0" fileid="4" />
                <SequencePoint vc="100" uspid="1409" ordinal="0" offset="47" sl="200" sc="13" el="200" ec="13" bec="0" bev="0" fileid="4" />
                <SequencePoint vc="100" uspid="1410" ordinal="0" offset="54" sl="199" sc="34" el="199" ec="34" bec="0" bev="0" fileid="4" />
                <SequencePoint vc="101" uspid="1411" ordinal="0" offset="60" sl="199" sc="25" el="199" ec="25" bec="0" bev="0" fileid="4" />
                <SequencePoint vc="1" uspid="1412" ordinal="0" offset="72" sl="202" sc="9" el="202" ec="9" bec="0" bev="0" fileid="4" />
                <SequencePoint vc="1" uspid="1413" ordinal="0" offset="79" sl="203" sc="9" el="203" ec="9" bec="0" bev="0" fileid="4" />
                <SequencePoint vc="1" uspid="1414" ordinal="0" offset="80" sl="203" sc="45" el="203" ec="45" bec="0" bev="0" fileid="4" />
                <SequencePoint vc="5" uspid="1415" ordinal="0" offset="89" sl="203" sc="18" el="203" ec="18" bec="0" bev="0" fileid="4" />
                <SequencePoint vc="5" uspid="1416" ordinal="0" offset="96" sl="204" sc="9" el="204" ec="9" bec="0" bev="0" fileid="4" />
                <SequencePoint vc="5" uspid="1417" ordinal="0" offset="97" sl="205" sc="13" el="205" ec="13" bec="0" bev="0" fileid="4" />
                <SequencePoint vc="1" uspid="1418" ordinal="0" offset="113" sl="206" sc="17" el="206" ec="17" bec="0" bev="0" fileid="4" />
                <SequencePoint vc="4" uspid="1419" ordinal="0" offset="117" sl="207" sc="18" el="207" ec="18" bec="0" bev="0" fileid="4" />
                <SequencePoint vc="1" uspid="1420" ordinal="0" offset="133" sl="208" sc="17" el="208" ec="17" bec="0" bev="0" fileid="4" />
                <SequencePoint vc="3" uspid="1421" ordinal="0" offset="137" sl="209" sc="18" el="209" ec="18" bec="0" bev="0" fileid="4" />
                <SequencePoint vc="3" uspid="1422" ordinal="0" offset="153" sl="210" sc="17" el="210" ec="17" bec="0" bev="0" fileid="4" />
                <SequencePoint vc="5" uspid="1423" ordinal="0" offset="155" sl="211" sc="13" el="211" ec="13" bec="0" bev="0" fileid="4" />
                <SequencePoint vc="1" uspid="1424" ordinal="0" offset="166" sl="212" sc="17" el="212" ec="17" bec="0" bev="0" fileid="4" />
                <SequencePoint vc="4" uspid="1425" ordinal="0" offset="168" sl="213" sc="9" el="213" ec="9" bec="0" bev="0" fileid="4" />
                <SequencePoint vc="5" uspid="1426" ordinal="0" offset="175" sl="203" sc="42" el="203" ec="42" bec="0" bev="0" fileid="4" />
                <SequencePoint vc="1" uspid="1427" ordinal="0" offset="183" sl="215" sc="9" el="215" ec="9" bec="0" bev="0" fileid="4" />
                <SequencePoint vc="1" uspid="1428" ordinal="0" offset="194" sl="216" sc="5" el="216" ec="5" bec="0" bev="0" fileid="4" />
              </SequencePoints>
              <BranchPoints />
            </Method>
          </Methods>
        </Class>
        <Class>
          <Summary numSequencePoints="94" visitedSequencePoints="94" numBranchPoints="0" visitedBranchPoints="0" sequenceCoverage="100.0" branchCoverage="0.0" maxCyclomaticComplexity="0" minCyclomaticComplexity="0" maxCrapScore="0" minCrapScore="0" visitedClasses="1" numClasses="1" visitedMethods="14" numMethods="14" />
          <FullName>SpaceshipTests</FullName>
          <Methods>
            <Method visited="true" cyclomaticComplexity="0" nPathComplexity="0" sequenceCoverage="100.0" branchCoverage="0" crapScore="0" isConstructor="false" isStatic="false" isGetter="false" isSetter="false">
              <Summary numSequencePoints="6" visitedSequencePoints="6" numBranchPoints="0" visitedBranchPoints="0" sequenceCoverage="100.0" branchCoverage="0" maxCyclomaticComplexity="0" minCyclomaticComplexity="0" maxCrapScore="0" minCrapScore="0" visitedClasses="0" numClasses="0" visitedMethods="1" numMethods="1" />
              <MetadataToken>100663348</MetadataToken>
              <Name>System.Void SpaceshipTests::Setup()</Name>
              <FileRef uid="5" />
              <SequencePoints>
                <SequencePoint vc="21" uspid="1429" ordinal="0" offset="0" sl="14" sc="5" el="14" ec="5" bec="0" bev="0" fileid="5" />
                <SequencePoint vc="21" uspid="1430" ordinal="0" offset="1" sl="15" sc="9" el="15" ec="9" bec="0" bev="0" fileid="5" />
                <SequencePoint vc="21" uspid="1431" ordinal="0" offset="12" sl="17" sc="9" el="17" ec="9" bec="0" bev="0" fileid="5" />
                <SequencePoint vc="21" uspid="1432" ordinal="0" offset="53" sl="18" sc="9" el="18" ec="9" bec="0" bev="0" fileid="5" />
                <SequencePoint vc="21" uspid="1433" ordinal="0" offset="94" sl="19" sc="9" el="19" ec="9" bec="0" bev="0" fileid="5" />
                <SequencePoint vc="21" uspid="1434" ordinal="0" offset="135" sl="20" sc="5" el="20" ec="5" bec="0" bev="0" fileid="5" />
              </SequencePoints>
              <BranchPoints />
            </Method>
            <Method visited="true" cyclomaticComplexity="0" nPathComplexity="0" sequenceCoverage="100.0" branchCoverage="0" crapScore="0" isConstructor="false" isStatic="false" isGetter="false" isSetter="false">
              <Summary numSequencePoints="11" visitedSequencePoints="11" numBranchPoints="0" visitedBranchPoints="0" sequenceCoverage="100.0" branchCoverage="0" maxCyclomaticComplexity="0" minCyclomaticComplexity="0" maxCrapScore="0" minCrapScore="0" visitedClasses="0" numClasses="0" visitedMethods="1" numMethods="1" />
              <MetadataToken>100663349</MetadataToken>
              <Name>System.Void SpaceshipTests::ClearScene()</Name>
              <FileRef uid="5" />
              <SequencePoints>
                <SequencePoint vc="13" uspid="1435" ordinal="0" offset="0" sl="23" sc="5" el="23" ec="5" bec="0" bev="0" fileid="5" />
                <SequencePoint vc="13" uspid="1436" ordinal="0" offset="1" sl="24" sc="9" el="24" ec="9" bec="0" bev="0" fileid="5" />
                <SequencePoint vc="13" uspid="1437" ordinal="0" offset="7" sl="25" sc="9" el="25" ec="9" bec="0" bev="0" fileid="5" />
                <SequencePoint vc="13" uspid="1438" ordinal="0" offset="8" sl="25" sc="35" el="25" ec="35" bec="0" bev="0" fileid="5" />
                <SequencePoint vc="109" uspid="1439" ordinal="0" offset="14" sl="25" sc="18" el="25" ec="18" bec="0" bev="0" fileid="5" />
                <SequencePoint vc="109" uspid="1440" ordinal="0" offset="18" sl="26" sc="9" el="26" ec="9" bec="0" bev="0" fileid="5" />
                <SequencePoint vc="109" uspid="1441" ordinal="0" offset="19" sl="27" sc="13" el="27" ec="13" bec="0" bev="0" fileid="5" />
                <SequencePoint vc="109" uspid="1442" ordinal="0" offset="32" sl="28" sc="17" el="28" ec="17" bec="0" bev="0" fileid="5" />
                <SequencePoint vc="109" uspid="1443" ordinal="0" offset="44" sl="29" sc="9" el="29" ec="9" bec="0" bev="0" fileid="5" />
                <SequencePoint vc="122" uspid="1444" ordinal="0" offset="49" sl="25" sc="32" el="25" ec="32" bec="0" bev="0" fileid="5" />
                <SequencePoint vc="13" uspid="1445" ordinal="0" offset="55" sl="30" sc="5" el="30" ec="5" bec="0" bev="0" fileid="5" />
              </SequencePoints>
              <BranchPoints />
            </Method>
            <Method visited="true" cyclomaticComplexity="0" nPathComplexity="0" sequenceCoverage="100.0" branchCoverage="0" crapScore="0" isConstructor="false" isStatic="false" isGetter="false" isSetter="false">
              <Summary numSequencePoints="3" visitedSequencePoints="3" numBranchPoints="0" visitedBranchPoints="0" sequenceCoverage="100.0" branchCoverage="0" maxCyclomaticComplexity="0" minCyclomaticComplexity="0" maxCrapScore="0" minCrapScore="0" visitedClasses="0" numClasses="0" visitedMethods="1" numMethods="1" />
              <MetadataToken>100663350</MetadataToken>
              <Name>System.Void SpaceshipTests::_01_SpaceshipPrefabExists()</Name>
              <FileRef uid="5" />
              <SequencePoints>
                <SequencePoint vc="1" uspid="1446" ordinal="0" offset="0" sl="33" sc="45" el="33" ec="45" bec="0" bev="0" fileid="5" />
                <SequencePoint vc="1" uspid="1447" ordinal="0" offset="1" sl="34" sc="9" el="34" ec="9" bec="0" bev="0" fileid="5" />
                <SequencePoint vc="1" uspid="1448" ordinal="0" offset="13" sl="35" sc="5" el="35" ec="5" bec="0" bev="0" fileid="5" />
              </SequencePoints>
              <BranchPoints />
            </Method>
            <Method visited="true" cyclomaticComplexity="0" nPathComplexity="0" sequenceCoverage="100.0" branchCoverage="0" crapScore="0" isConstructor="false" isStatic="false" isGetter="false" isSetter="false">
              <Summary numSequencePoints="6" visitedSequencePoints="6" numBranchPoints="0" visitedBranchPoints="0" sequenceCoverage="100.0" branchCoverage="0" maxCyclomaticComplexity="0" minCyclomaticComplexity="0" maxCrapScore="0" minCrapScore="0" visitedClasses="0" numClasses="0" visitedMethods="1" numMethods="1" />
              <MetadataToken>100663351</MetadataToken>
              <Name>System.Void SpaceshipTests::_02_SpaceshipPrefabCanBeInstantiated()</Name>
              <FileRef uid="5" />
              <SequencePoints>
                <SequencePoint vc="1" uspid="1449" ordinal="0" offset="0" sl="39" sc="5" el="39" ec="5" bec="0" bev="0" fileid="5" />
                <SequencePoint vc="1" uspid="1450" ordinal="0" offset="1" sl="40" sc="9" el="40" ec="9" bec="0" bev="0" fileid="5" />
                <SequencePoint vc="1" uspid="1451" ordinal="0" offset="8" sl="41" sc="9" el="41" ec="9" bec="0" bev="0" fileid="5" />
                <SequencePoint vc="1" uspid="1452" ordinal="0" offset="20" sl="42" sc="9" el="42" ec="9" bec="0" bev="0" fileid="5" />
                <SequencePoint vc="1" uspid="1453" ordinal="0" offset="32" sl="43" sc="9" el="43" ec="9" bec="0" bev="0" fileid="5" />
                <SequencePoint vc="1" uspid="1454" ordinal="0" offset="48" sl="44" sc="5" el="44" ec="5" bec="0" bev="0" fileid="5" />
              </SequencePoints>
              <BranchPoints />
            </Method>
            <Method visited="true" cyclomaticComplexity="0" nPathComplexity="0" sequenceCoverage="100.0" branchCoverage="0" crapScore="0" isConstructor="false" isStatic="false" isGetter="false" isSetter="false">
              <Summary numSequencePoints="3" visitedSequencePoints="3" numBranchPoints="0" visitedBranchPoints="0" sequenceCoverage="100.0" branchCoverage="0" maxCyclomaticComplexity="0" minCyclomaticComplexity="0" maxCrapScore="0" minCrapScore="0" visitedClasses="0" numClasses="0" visitedMethods="1" numMethods="1" />
              <MetadataToken>100663352</MetadataToken>
              <Name>System.Void SpaceshipTests::_03_SpaceshipPrefabHasRequiredComponentTransform()</Name>
              <FileRef uid="5" />
              <SequencePoints>
                <SequencePoint vc="1" uspid="1455" ordinal="0" offset="0" sl="48" sc="5" el="48" ec="5" bec="0" bev="0" fileid="5" />
                <SequencePoint vc="1" uspid="1456" ordinal="0" offset="1" sl="49" sc="9" el="49" ec="9" bec="0" bev="0" fileid="5" />
                <SequencePoint vc="1" uspid="1457" ordinal="0" offset="18" sl="50" sc="5" el="50" ec="5" bec="0" bev="0" fileid="5" />
              </SequencePoints>
              <BranchPoints />
            </Method>
            <Method visited="true" cyclomaticComplexity="0" nPathComplexity="0" sequenceCoverage="100.0" branchCoverage="0" crapScore="0" isConstructor="false" isStatic="false" isGetter="false" isSetter="false">
              <Summary numSequencePoints="3" visitedSequencePoints="3" numBranchPoints="0" visitedBranchPoints="0" sequenceCoverage="100.0" branchCoverage="0" maxCyclomaticComplexity="0" minCyclomaticComplexity="0" maxCrapScore="0" minCrapScore="0" visitedClasses="0" numClasses="0" visitedMethods="1" numMethods="1" />
              <MetadataToken>100663353</MetadataToken>
              <Name>System.Void SpaceshipTests::_04_SpaceshipPrefabHasRequiredComponentCollider()</Name>
              <FileRef uid="5" />
              <SequencePoints>
                <SequencePoint vc="1" uspid="1458" ordinal="0" offset="0" sl="54" sc="5" el="54" ec="5" bec="0" bev="0" fileid="5" />
                <SequencePoint vc="1" uspid="1459" ordinal="0" offset="1" sl="55" sc="9" el="55" ec="9" bec="0" bev="0" fileid="5" />
                <SequencePoint vc="1" uspid="1460" ordinal="0" offset="18" sl="56" sc="5" el="56" ec="5" bec="0" bev="0" fileid="5" />
              </SequencePoints>
              <BranchPoints />
            </Method>
            <Method visited="true" cyclomaticComplexity="0" nPathComplexity="0" sequenceCoverage="100.0" branchCoverage="0" crapScore="0" isConstructor="false" isStatic="false" isGetter="false" isSetter="false">
              <Summary numSequencePoints="5" visitedSequencePoints="5" numBranchPoints="0" visitedBranchPoints="0" sequenceCoverage="100.0" branchCoverage="0" maxCyclomaticComplexity="0" minCyclomaticComplexity="0" maxCrapScore="0" minCrapScore="0" visitedClasses="0" numClasses="0" visitedMethods="1" numMethods="1" />
              <MetadataToken>100663354</MetadataToken>
              <Name>System.Void SpaceshipTests::_05_SpaceshipPrefabHasRequiredComponentControllerScript()</Name>
              <FileRef uid="5" />
              <SequencePoints>
                <SequencePoint vc="1" uspid="1461" ordinal="0" offset="0" sl="60" sc="5" el="60" ec="5" bec="0" bev="0" fileid="5" />
                <SequencePoint vc="1" uspid="1462" ordinal="0" offset="1" sl="61" sc="9" el="61" ec="9" bec="0" bev="0" fileid="5" />
                <SequencePoint vc="1" uspid="1463" ordinal="0" offset="18" sl="63" sc="9" el="63" ec="9" bec="0" bev="0" fileid="5" />
                <SequencePoint vc="1" uspid="1464" ordinal="0" offset="40" sl="64" sc="9" el="64" ec="9" bec="0" bev="0" fileid="5" />
                <SequencePoint vc="1" uspid="1465" ordinal="0" offset="62" sl="65" sc="5" el="65" ec="5" bec="0" bev="0" fileid="5" />
              </SequencePoints>
              <BranchPoints />
            </Method>
            <Method visited="true" cyclomaticComplexity="0" nPathComplexity="0" sequenceCoverage="100.0" branchCoverage="0" crapScore="0" isConstructor="false" isStatic="false" isGetter="false" isSetter="false">
              <Summary numSequencePoints="10" visitedSequencePoints="10" numBranchPoints="0" visitedBranchPoints="0" sequenceCoverage="100.0" branchCoverage="0" maxCyclomaticComplexity="0" minCyclomaticComplexity="0" maxCrapScore="0" minCrapScore="0" visitedClasses="0" numClasses="0" visitedMethods="1" numMethods="1" />
              <MetadataToken>100663355</MetadataToken>
              <Name>System.Void SpaceshipTests::_06_SpaceshipPrefabHasRequiredVisual()</Name>
              <FileRef uid="5" />
              <SequencePoints>
                <SequencePoint vc="1" uspid="1466" ordinal="0" offset="0" sl="69" sc="5" el="69" ec="5" bec="0" bev="0" fileid="5" />
                <SequencePoint vc="1" uspid="1467" ordinal="0" offset="1" sl="70" sc="9" el="70" ec="9" bec="0" bev="0" fileid="5" />
                <SequencePoint vc="1" uspid="1468" ordinal="0" offset="19" sl="71" sc="9" el="71" ec="9" bec="0" bev="0" fileid="5" />
                <SequencePoint vc="1" uspid="1469" ordinal="0" offset="41" sl="72" sc="9" el="72" ec="9" bec="0" bev="0" fileid="5" />
                <SequencePoint vc="1" uspid="1470" ordinal="0" offset="48" sl="73" sc="9" el="73" ec="9" bec="0" bev="0" fileid="5" />
                <SequencePoint vc="1" uspid="1471" ordinal="0" offset="60" sl="74" sc="9" el="74" ec="9" bec="0" bev="0" fileid="5" />
                <SequencePoint vc="1" uspid="1472" ordinal="0" offset="79" sl="75" sc="9" el="75" ec="9" bec="0" bev="0" fileid="5" />
                <SequencePoint vc="1" uspid="1473" ordinal="0" offset="98" sl="76" sc="9" el="76" ec="9" bec="0" bev="0" fileid="5" />
                <SequencePoint vc="1" uspid="1474" ordinal="0" offset="110" sl="77" sc="9" el="77" ec="9" bec="0" bev="0" fileid="5" />
                <SequencePoint vc="1" uspid="1475" ordinal="0" offset="127" sl="78" sc="5" el="78" ec="5" bec="0" bev="0" fileid="5" />
              </SequencePoints>
              <BranchPoints />
            </Method>
            <Method visited="true" cyclomaticComplexity="0" nPathComplexity="0" sequenceCoverage="100.0" branchCoverage="0" crapScore="0" isConstructor="false" isStatic="false" isGetter="false" isSetter="false">
              <Summary numSequencePoints="6" visitedSequencePoints="6" numBranchPoints="0" visitedBranchPoints="0" sequenceCoverage="100.0" branchCoverage="0" maxCyclomaticComplexity="0" minCyclomaticComplexity="0" maxCrapScore="0" minCrapScore="0" visitedClasses="0" numClasses="0" visitedMethods="1" numMethods="1" />
              <MetadataToken>100663356</MetadataToken>
              <Name>System.Void SpaceshipTests::_07_SpaceshipPrefabHasRequiredComponentRigidbody()</Name>
              <FileRef uid="5" />
              <SequencePoints>
                <SequencePoint vc="1" uspid="1476" ordinal="0" offset="0" sl="82" sc="5" el="82" ec="5" bec="0" bev="0" fileid="5" />
                <SequencePoint vc="1" uspid="1477" ordinal="0" offset="1" sl="83" sc="9" el="83" ec="9" bec="0" bev="0" fileid="5" />
                <SequencePoint vc="1" uspid="1478" ordinal="0" offset="18" sl="84" sc="9" el="84" ec="9" bec="0" bev="0" fileid="5" />
                <SequencePoint vc="1" uspid="1479" ordinal="0" offset="40" sl="85" sc="9" el="85" ec="9" bec="0" bev="0" fileid="5" />
                <SequencePoint vc="1" uspid="1480" ordinal="0" offset="65" sl="86" sc="9" el="86" ec="9" bec="0" bev="0" fileid="5" />
                <SequencePoint vc="1" uspid="1481" ordinal="0" offset="90" sl="87" sc="5" el="87" ec="5" bec="0" bev="0" fileid="5" />
              </SequencePoints>
              <BranchPoints />
            </Method>
            <Method visited="true" cyclomaticComplexity="0" nPathComplexity="0" sequenceCoverage="100.0" branchCoverage="0" crapScore="0" isConstructor="false" isStatic="false" isGetter="false" isSetter="false">
              <Summary numSequencePoints="7" visitedSequencePoints="7" numBranchPoints="0" visitedBranchPoints="0" sequenceCoverage="100.0" branchCoverage="0" maxCyclomaticComplexity="0" minCyclomaticComplexity="0" maxCrapScore="0" minCrapScore="0" visitedClasses="0" numClasses="0" visitedMethods="1" numMethods="1" />
              <MetadataToken>100663359</MetadataToken>
              <Name>System.Void SpaceshipTests::_10_SpaceshipCanMove()</Name>
              <FileRef uid="5" />
              <SequencePoints>
                <SequencePoint vc="1" uspid="1482" ordinal="0" offset="0" sl="118" sc="5" el="118" ec="5" bec="0" bev="0" fileid="5" />
                <SequencePoint vc="1" uspid="1483" ordinal="0" offset="1" sl="119" sc="9" el="119" ec="9" bec="0" bev="0" fileid="5" />
                <SequencePoint vc="1" uspid="1484" ordinal="0" offset="8" sl="120" sc="9" el="120" ec="9" bec="0" bev="0" fileid="5" />
                <SequencePoint vc="1" uspid="1485" ordinal="0" offset="35" sl="121" sc="9" el="121" ec="9" bec="0" bev="0" fileid="5" />
                <SequencePoint vc="1" uspid="1486" ordinal="0" offset="46" sl="122" sc="9" el="122" ec="9" bec="0" bev="0" fileid="5" />
                <SequencePoint vc="1" uspid="1487" ordinal="0" offset="53" sl="123" sc="9" el="123" ec="9" bec="0" bev="0" fileid="5" />
                <SequencePoint vc="1" uspid="1488" ordinal="0" offset="80" sl="124" sc="5" el="124" ec="5" bec="0" bev="0" fileid="5" />
              </SequencePoints>
              <BranchPoints />
            </Method>
            <Method visited="true" cyclomaticComplexity="0" nPathComplexity="0" sequenceCoverage="100.0" branchCoverage="0" crapScore="0" isConstructor="false" isStatic="false" isGetter="false" isSetter="false">
              <Summary numSequencePoints="7" visitedSequencePoints="7" numBranchPoints="0" visitedBranchPoints="0" sequenceCoverage="100.0" branchCoverage="0" maxCyclomaticComplexity="0" minCyclomaticComplexity="0" maxCrapScore="0" minCrapScore="0" visitedClasses="0" numClasses="0" visitedMethods="1" numMethods="1" />
              <MetadataToken>100663361</MetadataToken>
              <Name>System.Void SpaceshipTests::_12_SpaceshipMovesAccordingToItsDirectionVector()</Name>
              <FileRef uid="5" />
              <SequencePoints>
                <SequencePoint vc="1" uspid="1489" ordinal="0" offset="0" sl="150" sc="5" el="150" ec="5" bec="0" bev="0" fileid="5" />
                <SequencePoint vc="1" uspid="1490" ordinal="0" offset="1" sl="151" sc="9" el="151" ec="9" bec="0" bev="0" fileid="5" />
                <SequencePoint vc="1" uspid="1491" ordinal="0" offset="8" sl="152" sc="9" el="152" ec="9" bec="0" bev="0" fileid="5" />
                <SequencePoint vc="1" uspid="1492" ordinal="0" offset="50" sl="153" sc="9" el="153" ec="9" bec="0" bev="0" fileid="5" />
                <SequencePoint vc="1" uspid="1493" ordinal="0" offset="62" sl="154" sc="9" el="154" ec="9" bec="0" bev="0" fileid="5" />
                <SequencePoint vc="1" uspid="1494" ordinal="0" offset="69" sl="155" sc="9" el="155" ec="9" bec="0" bev="0" fileid="5" />
                <SequencePoint vc="1" uspid="1495" ordinal="0" offset="124" sl="156" sc="5" el="156" ec="5" bec="0" bev="0" fileid="5" />
              </SequencePoints>
              <BranchPoints />
            </Method>
            <Method visited="true" cyclomaticComplexity="0" nPathComplexity="0" sequenceCoverage="100.0" branchCoverage="0" crapScore="0" isConstructor="false" isStatic="false" isGetter="false" isSetter="false">
              <Summary numSequencePoints="7" visitedSequencePoints="7" numBranchPoints="0" visitedBranchPoints="0" sequenceCoverage="100.0" branchCoverage="0" maxCyclomaticComplexity="0" minCyclomaticComplexity="0" maxCrapScore="0" minCrapScore="0" visitedClasses="0" numClasses="0" visitedMethods="1" numMethods="1" />
              <MetadataToken>100663363</MetadataToken>
              <Name>System.Void SpaceshipTests::_14_SpaceshipCanFireProjectiles()</Name>
              <FileRef uid="5" />
              <SequencePoints>
                <SequencePoint vc="1" uspid="1496" ordinal="0" offset="0" sl="187" sc="5" el="187" ec="5" bec="0" bev="0" fileid="5" />
                <SequencePoint vc="1" uspid="1497" ordinal="0" offset="1" sl="188" sc="9" el="188" ec="9" bec="0" bev="0" fileid="5" />
                <SequencePoint vc="1" uspid="1498" ordinal="0" offset="8" sl="189" sc="9" el="189" ec="9" bec="0" bev="0" fileid="5" />
                <SequencePoint vc="1" uspid="1499" ordinal="0" offset="50" sl="190" sc="9" el="190" ec="9" bec="0" bev="0" fileid="5" />
                <SequencePoint vc="1" uspid="1500" ordinal="0" offset="58" sl="191" sc="9" el="191" ec="9" bec="0" bev="0" fileid="5" />
                <SequencePoint vc="1" uspid="1501" ordinal="0" offset="64" sl="192" sc="9" el="192" ec="9" bec="0" bev="0" fileid="5" />
                <SequencePoint vc="1" uspid="1502" ordinal="0" offset="77" sl="193" sc="5" el="193" ec="5" bec="0" bev="0" fileid="5" />
              </SequencePoints>
              <BranchPoints />
            </Method>
            <Method visited="true" cyclomaticComplexity="0" nPathComplexity="0" sequenceCoverage="100.0" branchCoverage="0" crapScore="0" isConstructor="false" isStatic="false" isGetter="false" isSetter="false">
              <Summary numSequencePoints="7" visitedSequencePoints="7" numBranchPoints="0" visitedBranchPoints="0" sequenceCoverage="100.0" branchCoverage="0" maxCyclomaticComplexity="0" minCyclomaticComplexity="0" maxCrapScore="0" minCrapScore="0" visitedClasses="0" numClasses="0" visitedMethods="1" numMethods="1" />
              <MetadataToken>100663368</MetadataToken>
              <Name>System.Void SpaceshipTests::_19_SpaceshipPrefabHasRequiredComponentAnimator()</Name>
              <FileRef uid="5" />
              <SequencePoints>
                <SequencePoint vc="1" uspid="1503" ordinal="0" offset="0" sl="262" sc="5" el="262" ec="5" bec="0" bev="0" fileid="5" />
                <SequencePoint vc="1" uspid="1504" ordinal="0" offset="1" sl="263" sc="9" el="263" ec="9" bec="0" bev="0" fileid="5" />
                <SequencePoint vc="1" uspid="1505" ordinal="0" offset="29" sl="264" sc="9" el="264" ec="9" bec="0" bev="0" fileid="5" />
                <SequencePoint vc="1" uspid="1506" ordinal="0" offset="73" sl="265" sc="9" el="265" ec="9" bec="0" bev="0" fileid="5" />
                <SequencePoint vc="1" uspid="1507" ordinal="0" offset="121" sl="266" sc="9" el="266" ec="9" bec="0" bev="0" fileid="5" />
                <SequencePoint vc="1" uspid="1508" ordinal="0" offset="157" sl="267" sc="9" el="267" ec="9" bec="0" bev="0" fileid="5" />
                <SequencePoint vc="1" uspid="1509" ordinal="0" offset="193" sl="268" sc="5" el="268" ec="5" bec="0" bev="0" fileid="5" />
              </SequencePoints>
              <BranchPoints />
            </Method>
            <Method visited="true" cyclomaticComplexity="0" nPathComplexity="0" sequenceCoverage="100.0" branchCoverage="0" crapScore="0" isConstructor="false" isStatic="false" isGetter="false" isSetter="false">
              <Summary numSequencePoints="13" visitedSequencePoints="13" numBranchPoints="0" visitedBranchPoints="0" sequenceCoverage="100.0" branchCoverage="0" maxCyclomaticComplexity="0" minCyclomaticComplexity="0" maxCrapScore="0" minCrapScore="0" visitedClasses="0" numClasses="0" visitedMethods="1" numMethods="1" />
              <MetadataToken>100663370</MetadataToken>
              <Name>System.Void SpaceshipTests::_21_SpaceshipWeaponListContainsData()</Name>
              <FileRef uid="5" />
              <SequencePoints>
                <SequencePoint vc="1" uspid="1510" ordinal="0" offset="0" sl="291" sc="5" el="291" ec="5" bec="0" bev="0" fileid="5" />
                <SequencePoint vc="1" uspid="1511" ordinal="0" offset="1" sl="292" sc="9" el="292" ec="9" bec="0" bev="0" fileid="5" />
                <SequencePoint vc="1" uspid="1512" ordinal="0" offset="18" sl="293" sc="9" el="293" ec="9" bec="0" bev="0" fileid="5" />
                <SequencePoint vc="1" uspid="1513" ordinal="0" offset="25" sl="294" sc="9" el="294" ec="9" bec="0" bev="0" fileid="5" />
                <SequencePoint vc="1" uspid="1514" ordinal="0" offset="45" sl="296" sc="9" el="296" ec="9" bec="0" bev="0" fileid="5" />
                <SequencePoint vc="1" uspid="1515" ordinal="0" offset="46" sl="296" sc="45" el="296" ec="45" bec="0" bev="0" fileid="5" />
                <SequencePoint vc="2" uspid="1516" ordinal="0" offset="60" sl="296" sc="17" el="296" ec="17" bec="0" bev="0" fileid="5" />
                <SequencePoint vc="2" uspid="1517" ordinal="0" offset="68" sl="297" sc="9" el="297" ec="9" bec="0" bev="0" fileid="5" />
                <SequencePoint vc="2" uspid="1518" ordinal="0" offset="69" sl="298" sc="13" el="298" ec="13" bec="0" bev="0" fileid="5" />
                <SequencePoint vc="2" uspid="1519" ordinal="0" offset="89" sl="299" sc="13" el="299" ec="13" bec="0" bev="0" fileid="5" />
                <SequencePoint vc="2" uspid="1520" ordinal="0" offset="101" sl="300" sc="9" el="300" ec="9" bec="0" bev="0" fileid="5" />
                <SequencePoint vc="3" uspid="1521" ordinal="0" offset="102" sl="296" sc="42" el="296" ec="42" bec="0" bev="0" fileid="5" />
                <SequencePoint vc="1" uspid="1522" ordinal="0" offset="128" sl="301" sc="5" el="301" ec="5" bec="0" bev="0" fileid="5" />
              </SequencePoints>
              <BranchPoints />
            </Method>
          </Methods>
        </Class>
        <Class>
          <Summary numSequencePoints="19" visitedSequencePoints="19" numBranchPoints="0" visitedBranchPoints="0" sequenceCoverage="100.0" branchCoverage="0.0" maxCyclomaticComplexity="0" minCyclomaticComplexity="0" maxCrapScore="0" minCrapScore="0" visitedClasses="1" numClasses="1" visitedMethods="2" numMethods="2" />
          <FullName>UserInterfaceTests</FullName>
          <Methods>
            <Method visited="true" cyclomaticComplexity="0" nPathComplexity="0" sequenceCoverage="100.0" branchCoverage="0" crapScore="0" isConstructor="false" isStatic="false" isGetter="false" isSetter="false">
              <Summary numSequencePoints="8" visitedSequencePoints="8" numBranchPoints="0" visitedBranchPoints="0" sequenceCoverage="100.0" branchCoverage="0" maxCyclomaticComplexity="0" minCyclomaticComplexity="0" maxCrapScore="0" minCrapScore="0" visitedClasses="0" numClasses="0" visitedMethods="1" numMethods="1" />
              <MetadataToken>100663373</MetadataToken>
              <Name>System.Void UserInterfaceTests::Setup()</Name>
              <FileRef uid="6" />
              <SequencePoints>
                <SequencePoint vc="7" uspid="1523" ordinal="0" offset="0" sl="24" sc="5" el="24" ec="5" bec="0" bev="0" fileid="6" />
                <SequencePoint vc="7" uspid="1524" ordinal="0" offset="1" sl="25" sc="9" el="25" ec="9" bec="0" bev="0" fileid="6" />
                <SequencePoint vc="7" uspid="1525" ordinal="0" offset="12" sl="27" sc="9" el="27" ec="9" bec="0" bev="0" fileid="6" />
                <SequencePoint vc="7" uspid="1526" ordinal="0" offset="25" sl="29" sc="9" el="29" ec="9" bec="0" bev="0" fileid="6" />
                <SequencePoint vc="7" uspid="1527" ordinal="0" offset="51" sl="31" sc="9" el="31" ec="9" bec="0" bev="0" fileid="6" />
                <SequencePoint vc="7" uspid="1528" ordinal="0" offset="63" sl="33" sc="9" el="33" ec="9" bec="0" bev="0" fileid="6" />
                <SequencePoint vc="7" uspid="1529" ordinal="0" offset="104" sl="34" sc="9" el="34" ec="9" bec="0" bev="0" fileid="6" />
                <SequencePoint vc="7" uspid="1530" ordinal="0" offset="145" sl="35" sc="5" el="35" ec="5" bec="0" bev="0" fileid="6" />
              </SequencePoints>
              <BranchPoints />
            </Method>
            <Method visited="true" cyclomaticComplexity="0" nPathComplexity="0" sequenceCoverage="100.0" branchCoverage="0" crapScore="0" isConstructor="false" isStatic="false" isGetter="false" isSetter="false">
              <Summary numSequencePoints="11" visitedSequencePoints="11" numBranchPoints="0" visitedBranchPoints="0" sequenceCoverage="100.0" branchCoverage="0" maxCyclomaticComplexity="0" minCyclomaticComplexity="0" maxCrapScore="0" minCrapScore="0" visitedClasses="0" numClasses="0" visitedMethods="1" numMethods="1" />
              <MetadataToken>100663374</MetadataToken>
              <Name>System.Void UserInterfaceTests::ClearScene()</Name>
              <FileRef uid="6" />
              <SequencePoints>
                <SequencePoint vc="4" uspid="1531" ordinal="0" offset="0" sl="38" sc="5" el="38" ec="5" bec="0" bev="0" fileid="6" />
                <SequencePoint vc="4" uspid="1532" ordinal="0" offset="1" sl="39" sc="9" el="39" ec="9" bec="0" bev="0" fileid="6" />
                <SequencePoint vc="4" uspid="1533" ordinal="0" offset="9" sl="40" sc="9" el="40" ec="9" bec="0" bev="0" fileid="6" />
                <SequencePoint vc="4" uspid="1534" ordinal="0" offset="10" sl="40" sc="35" el="40" ec="35" bec="0" bev="0" fileid="6" />
                <SequencePoint vc="52" uspid="1535" ordinal="0" offset="16" sl="40" sc="18" el="40" ec="18" bec="0" bev="0" fileid="6" />
                <SequencePoint vc="52" uspid="1536" ordinal="0" offset="21" sl="41" sc="9" el="41" ec="9" bec="0" bev="0" fileid="6" />
                <SequencePoint vc="52" uspid="1537" ordinal="0" offset="22" sl="42" sc="13" el="42" ec="13" bec="0" bev="0" fileid="6" />
                <SequencePoint vc="52" uspid="1538" ordinal="0" offset="36" sl="43" sc="17" el="43" ec="17" bec="0" bev="0" fileid="6" />
                <SequencePoint vc="52" uspid="1539" ordinal="0" offset="49" sl="44" sc="9" el="44" ec="9" bec="0" bev="0" fileid="6" />
                <SequencePoint vc="56" uspid="1540" ordinal="0" offset="54" sl="40" sc="32" el="40" ec="32" bec="0" bev="0" fileid="6" />
                <SequencePoint vc="4" uspid="1541" ordinal="0" offset="60" sl="45" sc="5" el="45" ec="5" bec="0" bev="0" fileid="6" />
              </SequencePoints>
              <BranchPoints />
            </Method>
          </Methods>
        </Class>
        <Class>
          <Summary numSequencePoints="7" visitedSequencePoints="7" numBranchPoints="0" visitedBranchPoints="0" sequenceCoverage="100.0" branchCoverage="0.0" maxCyclomaticComplexity="0" minCyclomaticComplexity="0" maxCrapScore="0" minCrapScore="0" visitedClasses="1" numClasses="1" visitedMethods="1" numMethods="1" />
          <FullName>AsteroidTests/&lt;_06_AsteroidGameobjectIsDestroyedOnSplit&gt;d__8</FullName>
          <Methods>
            <Method visited="true" cyclomaticComplexity="0" nPathComplexity="0" sequenceCoverage="100.0" branchCoverage="0" crapScore="0" isConstructor="false" isStatic="false" isGetter="false" isSetter="false">
              <Summary numSequencePoints="7" visitedSequencePoints="7" numBranchPoints="0" visitedBranchPoints="0" sequenceCoverage="100.0" branchCoverage="0" maxCyclomaticComplexity="0" minCyclomaticComplexity="0" maxCrapScore="0" minCrapScore="0" visitedClasses="0" numClasses="0" visitedMethods="1" numMethods="1" />
              <MetadataToken>100663388</MetadataToken>
              <Name>System.Boolean AsteroidTests/&lt;_06_AsteroidGameobjectIsDestroyedOnSplit&gt;d__8::MoveNext()</Name>
              <FileRef uid="1" />
              <SequencePoints>
                <SequencePoint vc="1" uspid="1560" ordinal="0" offset="31" sl="64" sc="5" el="64" ec="5" bec="0" bev="0" fileid="1" />
                <SequencePoint vc="1" uspid="1561" ordinal="0" offset="32" sl="65" sc="9" el="65" ec="9" bec="0" bev="0" fileid="1" />
                <SequencePoint vc="1" uspid="1562" ordinal="0" offset="44" sl="66" sc="9" el="66" ec="9" bec="0" bev="0" fileid="1" />
                <SequencePoint vc="1" uspid="1563" ordinal="0" offset="76" sl="67" sc="9" el="67" ec="9" bec="0" bev="0" fileid="1" />
                <SequencePoint vc="1" uspid="1564" ordinal="0" offset="93" sl="69" sc="9" el="69" ec="9" bec="0" bev="0" fileid="1" />
                <SequencePoint vc="1" uspid="1565" ordinal="0" offset="116" sl="71" sc="9" el="71" ec="9" bec="0" bev="0" fileid="1" />
                <SequencePoint vc="1" uspid="1566" ordinal="0" offset="144" sl="72" sc="5" el="72" ec="5" bec="0" bev="0" fileid="1" />
              </SequencePoints>
              <BranchPoints />
            </Method>
          </Methods>
        </Class>
        <Class>
          <Summary numSequencePoints="8" visitedSequencePoints="8" numBranchPoints="0" visitedBranchPoints="0" sequenceCoverage="100.0" branchCoverage="0.0" maxCyclomaticComplexity="0" minCyclomaticComplexity="0" maxCrapScore="0" minCrapScore="0" visitedClasses="1" numClasses="1" visitedMethods="1" numMethods="1" />
          <FullName>AsteroidTests/&lt;_08_AsteroidCanSplitIntoTwo&gt;d__10</FullName>
          <Methods>
[...]
              <MetadataToken>100663354</MetadataToken>
              <Name>BaseProjectile::BaseProjectile()</Name>
              <FileRef uid="17" />
              <SequencePoints>
                <SequencePoint vc="1" uspid="2411" ordinal="0" offset="0" sl="5" sc="5" el="5" ec="5" bec="0" bev="0" fileid="17" />
              </SequencePoints>
              <BranchPoints />
            </Method>
          </Methods>
        </Class>
        <Class>
          <Summary numSequencePoints="14" visitedSequencePoints="13" numBranchPoints="0" visitedBranchPoints="0" sequenceCoverage="92.86" branchCoverage="0.0" maxCyclomaticComplexity="0" minCyclomaticComplexity="0" maxCrapScore="0" minCrapScore="0" visitedClasses="1" numClasses="1" visitedMethods="4" numMethods="4" />
          <FullName>ProjectileController</FullName>
          <Methods>
            <Method visited="true" cyclomaticComplexity="0" nPathComplexity="0" sequenceCoverage="100.0" branchCoverage="0" crapScore="0" isConstructor="false" isStatic="false" isGetter="false" isSetter="false">
              <Summary numSequencePoints="4" visitedSequencePoints="4" numBranchPoints="0" visitedBranchPoints="0" sequenceCoverage="100.0" branchCoverage="0" maxCyclomaticComplexity="0" minCyclomaticComplexity="0" maxCrapScore="0" minCrapScore="0" visitedClasses="0" numClasses="0" visitedMethods="1" numMethods="1" />
              <MetadataToken>100663359</MetadataToken>
              <Name>System.Void ProjectileController::Update()</Name>
              <FileRef uid="19" />
              <SequencePoints>
                <SequencePoint vc="2" uspid="2435" ordinal="0" offset="0" sl="8" sc="5" el="8" ec="5" bec="0" bev="0" fileid="19" />
                <SequencePoint vc="2" uspid="2436" ordinal="0" offset="1" sl="9" sc="9" el="9" ec="9" bec="0" bev="0" fileid="19" />
                <SequencePoint vc="2" uspid="2437" ordinal="0" offset="13" sl="10" sc="13" el="10" ec="13" bec="0" bev="0" fileid="19" />
                <SequencePoint vc="2" uspid="2438" ordinal="0" offset="20" sl="11" sc="5" el="11" ec="5" bec="0" bev="0" fileid="19" />
              </SequencePoints>
              <BranchPoints />
            </Method>
            <Method visited="true" cyclomaticComplexity="0" nPathComplexity="0" sequenceCoverage="83.33" branchCoverage="0" crapScore="0" isConstructor="false" isStatic="false" isGetter="false" isSetter="false">
              <Summary numSequencePoints="6" visitedSequencePoints="5" numBranchPoints="0" visitedBranchPoints="0" sequenceCoverage="83.33" branchCoverage="0" maxCyclomaticComplexity="0" minCyclomaticComplexity="0" maxCrapScore="0" minCrapScore="0" visitedClasses="0" numClasses="0" visitedMethods="1" numMethods="1" />
              <MetadataToken>100663360</MetadataToken>
              <Name>System.Void ProjectileController::Move()</Name>
              <FileRef uid="19" />
              <SequencePoints>
                <SequencePoint vc="2" uspid="2439" ordinal="0" offset="0" sl="14" sc="5" el="14" ec="5" bec="0" bev="0" fileid="19" />
                <SequencePoint vc="2" uspid="2440" ordinal="0" offset="1" sl="15" sc="9" el="15" ec="9" bec="0" bev="0" fileid="19" />
                <SequencePoint vc="2" uspid="2441" ordinal="0" offset="55" sl="16" sc="9" el="16" ec="9" bec="0" bev="0" fileid="19" />
                <SequencePoint vc="2" uspid="2442" ordinal="0" offset="78" sl="17" sc="9" el="17" ec="9" bec="0" bev="0" fileid="19" />
                <SequencePoint vc="0" uspid="2443" ordinal="0" offset="115" sl="18" sc="13" el="18" ec="13" bec="0" bev="0" fileid="19" />
                <SequencePoint vc="2" uspid="2444" ordinal="0" offset="127" sl="19" sc="5" el="19" ec="5" bec="0" bev="0" fileid="19" />
              </SequencePoints>
              <BranchPoints />
            </Method>
            <Method visited="true" cyclomaticComplexity="0" nPathComplexity="0" sequenceCoverage="100.0" branchCoverage="0" crapScore="0" isConstructor="false" isStatic="false" isGetter="false" isSetter="false">
              <Summary numSequencePoints="3" visitedSequencePoints="3" numBranchPoints="0" visitedBranchPoints="0" sequenceCoverage="100.0" branchCoverage="0" maxCyclomaticComplexity="0" minCyclomaticComplexity="0" maxCrapScore="0" minCrapScore="0" visitedClasses="0" numClasses="0" visitedMethods="1" numMethods="1" />
              <MetadataToken>100663361</MetadataToken>
              <Name>System.Void ProjectileController::SetDirection(UnityEngine.Vector2)</Name>
              <FileRef uid="19" />
              <SequencePoints>
                <SequencePoint vc="1" uspid="2445" ordinal="0" offset="0" sl="22" sc="5" el="22" ec="5" bec="0" bev="0" fileid="19" />
                <SequencePoint vc="1" uspid="2446" ordinal="0" offset="1" sl="23" sc="9" el="23" ec="9" bec="0" bev="0" fileid="19" />
                <SequencePoint vc="1" uspid="2447" ordinal="0" offset="8" sl="24" sc="5" el="24" ec="5" bec="0" bev="0" fileid="19" />
              </SequencePoints>
              <BranchPoints />
            </Method>
            <Method visited="true" cyclomaticComplexity="0" nPathComplexity="0" sequenceCoverage="100.0" branchCoverage="0" crapScore="0" isConstructor="true" isStatic="false" isGetter="false" isSetter="false">
              <Summary numSequencePoints="1" visitedSequencePoints="1" numBranchPoints="0" visitedBranchPoints="0" sequenceCoverage="100.0" branchCoverage="0" maxCyclomaticComplexity="0" minCyclomaticComplexity="0" maxCrapScore="0" minCrapScore="0" visitedClasses="0" numClasses="0" visitedMethods="1" numMethods="1" />
              <MetadataToken>100663363</MetadataToken>
              <Name>ProjectileController::ProjectileController()</Name>
              <FileRef uid="19" />
              <SequencePoints>
                <SequencePoint vc="1" uspid="2451" ordinal="0" offset="0" sl="5" sc="5" el="5" ec="5" bec="0" bev="0" fileid="19" />
              </SequencePoints>
              <BranchPoints />
            </Method>
          </Methods>
        </Class>
        <Class>
          <Summary numSequencePoints="7" visitedSequencePoints="7" numBranchPoints="0" visitedBranchPoints="0" sequenceCoverage="100.0" branchCoverage="0.0" maxCyclomaticComplexity="0" minCyclomaticComplexity="0" maxCrapScore="0" minCrapScore="0" visitedClasses="1" numClasses="1" visitedMethods="1" numMethods="1" />
          <FullName>EngineTrail/&lt;Clear&gt;d__4</FullName>
          <Methods>
            <Method visited="true" cyclomaticComplexity="0" nPathComplexity="0" sequenceCoverage="100.0" branchCoverage="0" crapScore="0" isConstructor="false" isStatic="false" isGetter="false" isSetter="false">
              <Summary numSequencePoints="7" visitedSequencePoints="7" numBranchPoints="0" visitedBranchPoints="0" sequenceCoverage="100.0" branchCoverage="0" maxCyclomaticComplexity="0" minCyclomaticComplexity="0" maxCrapScore="0" minCrapScore="0" visitedClasses="0" numClasses="0" visitedMethods="1" numMethods="1" />
              <MetadataToken>100663367</MetadataToken>
              <Name>System.Boolean EngineTrail/&lt;Clear&gt;d__4::MoveNext()</Name>
              <FileRef uid="12" />
              <SequencePoints>
                <SequencePoint vc="5" uspid="2452" ordinal="0" offset="31" sl="25" sc="5" el="25" ec="5" bec="0" bev="0" fileid="12" />
                <SequencePoint vc="5" uspid="2453" ordinal="0" offset="32" sl="26" sc="9" el="26" ec="9" bec="0" bev="0" fileid="12" />
                <SequencePoint vc="5" uspid="2454" ordinal="0" offset="50" sl="27" sc="9" el="27" ec="9" bec="0" bev="0" fileid="12" />
                <SequencePoint vc="5" uspid="2455" ordinal="0" offset="67" sl="28" sc="9" el="28" ec="9" bec="0" bev="0" fileid="12" />
                <SequencePoint vc="4" uspid="2456" ordinal="0" offset="90" sl="29" sc="9" el="29" ec="9" bec="0" bev="0" fileid="12" />
                <SequencePoint vc="4" uspid="2457" ordinal="0" offset="108" sl="30" sc="9" el="30" ec="9" bec="0" bev="0" fileid="12" />
                <SequencePoint vc="4" uspid="2458" ordinal="0" offset="125" sl="31" sc="5" el="31" ec="5" bec="0" bev="0" fileid="12" />
              </SequencePoints>
              <BranchPoints />
            </Method>
          </Methods>
        </Class>
        <Class>
          <Summary numSequencePoints="13" visitedSequencePoints="12" numBranchPoints="0" visitedBranchPoints="0" sequenceCoverage="92.31" branchCoverage="0.0" maxCyclomaticComplexity="0" minCyclomaticComplexity="0" maxCrapScore="0" minCrapScore="0" visitedClasses="1" numClasses="1" visitedMethods="1" numMethods="1" />
          <FullName>GameManager/&lt;RespawnShipCoroutine&gt;d__26</FullName>
          <Methods>
            <Method visited="true" cyclomaticComplexity="0" nPathComplexity="0" sequenceCoverage="92.31" branchCoverage="0" crapScore="0" isConstructor="false" isStatic="false" isGetter="false" isSetter="false">
              <Summary numSequencePoints="13" visitedSequencePoints="12" numBranchPoints="0" visitedBranchPoints="0" sequenceCoverage="92.31" branchCoverage="0" maxCyclomaticComplexity="0" minCyclomaticComplexity="0" maxCrapScore="0" minCrapScore="0" visitedClasses="0" numClasses="0" visitedMethods="1" numMethods="1" />
              <MetadataToken>100663373</MetadataToken>
              <Name>System.Boolean GameManager/&lt;RespawnShipCoroutine&gt;d__26::MoveNext()</Name>
              <FileRef uid="13" />
              <SequencePoints>
                <SequencePoint vc="3" uspid="2459" ordinal="0" offset="31" sl="92" sc="5" el="92" ec="5" bec="0" bev="0" fileid="13" />
                <SequencePoint vc="3" uspid="2460" ordinal="0" offset="32" sl="93" sc="9" el="93" ec="9" bec="0" bev="0" fileid="13" />
                <SequencePoint vc="3" uspid="2461" ordinal="0" offset="56" sl="94" sc="9" el="94" ec="9" bec="0" bev="0" fileid="13" />
                <SequencePoint vc="0" uspid="2462" ordinal="0" offset="70" sl="95" sc="13" el="95" ec="13" bec="0" bev="0" fileid="13" />
                <SequencePoint vc="3" uspid="2463" ordinal="0" offset="94" sl="96" sc="9" el="96" ec="9" bec="0" bev="0" fileid="13" />
                <SequencePoint vc="3" uspid="2464" ordinal="0" offset="127" sl="98" sc="9" el="98" ec="9" bec="0" bev="0" fileid="13" />
                <SequencePoint vc="1" uspid="2465" ordinal="0" offset="145" sl="99" sc="9" el="99" ec="9" bec="0" bev="0" fileid="13" />
                <SequencePoint vc="1" uspid="2466" ordinal="0" offset="146" sl="100" sc="13" el="100" ec="13" bec="0" bev="0" fileid="13" />
                <SequencePoint vc="1" uspid="2467" ordinal="0" offset="187" sl="101" sc="9" el="101" ec="9" bec="0" bev="0" fileid="13" />
                <SequencePoint vc="2" uspid="2468" ordinal="0" offset="190" sl="103" sc="9" el="103" ec="9" bec="0" bev="0" fileid="13" />
                <SequencePoint vc="2" uspid="2469" ordinal="0" offset="191" sl="104" sc="13" el="104" ec="13" bec="0" bev="0" fileid="13" />
                <SequencePoint vc="2" uspid="2470" ordinal="0" offset="214" sl="105" sc="9" el="105" ec="9" bec="0" bev="0" fileid="13" />
                <SequencePoint vc="3" uspid="2471" ordinal="0" offset="215" sl="106" sc="5" el="106" ec="5" bec="0" bev="0" fileid="13" />
              </SequencePoints>
              <BranchPoints />
            </Method>
          </Methods>
        </Class>
        <Class>
          <Summary numSequencePoints="5" visitedSequencePoints="2" numBranchPoints="0" visitedBranchPoints="0" sequenceCoverage="40.00" branchCoverage="0.0" maxCyclomaticComplexity="0" minCyclomaticComplexity="0" maxCrapScore="0" minCrapScore="0" visitedClasses="1" numClasses="1" visitedMethods="1" numMethods="1" />
          <FullName>GameManager/&lt;ReloadScene&gt;d__28</FullName>
          <Methods>
            <Method visited="true" cyclomaticComplexity="0" nPathComplexity="0" sequenceCoverage="40.00" branchCoverage="0" crapScore="0" isConstructor="false" isStatic="false" isGetter="false" isSetter="false">
              <Summary numSequencePoints="5" visitedSequencePoints="2" numBranchPoints="0" visitedBranchPoints="0" sequenceCoverage="40.00" branchCoverage="0" maxCyclomaticComplexity="0" minCyclomaticComplexity="0" maxCrapScore="0" minCrapScore="0" visitedClasses="0" numClasses="0" visitedMethods="1" numMethods="1" />
              <MetadataToken>100663379</MetadataToken>
              <Name>System.Boolean GameManager/&lt;ReloadScene&gt;d__28::MoveNext()</Name>
              <FileRef uid="13" />
              <SequencePoints>
                <SequencePoint vc="2" uspid="2472" ordinal="0" offset="31" sl="132" sc="5" el="132" ec="5" bec="0" bev="0" fileid="13" />
                <SequencePoint vc="2" uspid="2473" ordinal="0" offset="32" sl="133" sc="9" el="133" ec="9" bec="0" bev="0" fileid="13" />
                <SequencePoint vc="0" uspid="2474" ordinal="0" offset="64" sl="134" sc="9" el="134" ec="9" bec="0" bev="0" fileid="13" />
                <SequencePoint vc="0" uspid="2475" ordinal="0" offset="75" sl="135" sc="9" el="135" ec="9" bec="0" bev="0" fileid="13" />
                <SequencePoint vc="0" uspid="2476" ordinal="0" offset="92" sl="136" sc="5" el="136" ec="5" bec="0" bev="0" fileid="13" />
              </SequencePoints>
              <BranchPoints />
            </Method>
          </Methods>
        </Class>
        <Class>
          <Summary numSequencePoints="10" visitedSequencePoints="10" numBranchPoints="0" visitedBranchPoints="0" sequenceCoverage="100.0" branchCoverage="0.0" maxCyclomaticComplexity="0" minCyclomaticComplexity="0" maxCrapScore="0" minCrapScore="0" visitedClasses="1" numClasses="1" visitedMethods="1" numMethods="1" />
          <FullName>ScoreCounter/&lt;IterateScore&gt;d__8</FullName>
          <Methods>
            <Method visited="true" cyclomaticComplexity="0" nPathComplexity="0" sequenceCoverage="100.0" branchCoverage="0" crapScore="0" isConstructor="false" isStatic="false" isGetter="false" isSetter="false">
              <Summary numSequencePoints="10" visitedSequencePoints="10" numBranchPoints="0" visitedBranchPoints="0" sequenceCoverage="100.0" branchCoverage="0" maxCyclomaticComplexity="0" minCyclomaticComplexity="0" maxCrapScore="0" minCrapScore="0" visitedClasses="0" numClasses="0" visitedMethods="1" numMethods="1" />
              <MetadataToken>100663385</MetadataToken>
              <Name>System.Boolean ScoreCounter/&lt;IterateScore&gt;d__8::MoveNext()</Name>
              <FileRef uid="16" />
              <SequencePoints>
                <SequencePoint vc="1" uspid="2477" ordinal="0" offset="31" sl="36" sc="37" el="36" ec="37" bec="0" bev="0" fileid="16" />
                <SequencePoint vc="78" uspid="2478" ordinal="0" offset="34" sl="38" sc="9" el="38" ec="9" bec="0" bev="0" fileid="16" />
                <SequencePoint vc="78" uspid="2479" ordinal="0" offset="35" sl="39" sc="13" el="39" ec="13" bec="0" bev="0" fileid="16" />
                <SequencePoint vc="78" uspid="2480" ordinal="0" offset="87" sl="40" sc="13" el="40" ec="13" bec="0" bev="0" fileid="16" />
                <SequencePoint vc="78" uspid="2481" ordinal="0" offset="110" sl="41" sc="13" el="41" ec="13" bec="0" bev="0" fileid="16" />
                <SequencePoint vc="78" uspid="2482" ordinal="0" offset="133" sl="42" sc="9" el="42" ec="9" bec="0" bev="0" fileid="16" />
                <SequencePoint vc="79" uspid="2483" ordinal="0" offset="134" sl="37" sc="9" el="37" ec="9" bec="0" bev="0" fileid="16" />
                <SequencePoint vc="1" uspid="2484" ordinal="0" offset="173" sl="43" sc="9" el="43" ec="9" bec="0" bev="0" fileid="16" />
                <SequencePoint vc="1" uspid="2485" ordinal="0" offset="196" sl="44" sc="9" el="44" ec="9" bec="0" bev="0" fileid="16" />
                <SequencePoint vc="1" uspid="2486" ordinal="0" offset="240" sl="45" sc="5" el="45" ec="5" bec="0" bev="0" fileid="16" />
              </SequencePoints>
              <BranchPoints />
            </Method>
          </Methods>
        </Class>
        <Class>
          <Summary numSequencePoints="18" visitedSequencePoints="13" numBranchPoints="0" visitedBranchPoints="0" sequenceCoverage="72.22" branchCoverage="0.0" maxCyclomaticComplexity="0" minCyclomaticComplexity="0" maxCrapScore="0" minCrapScore="0" visitedClasses="1" numClasses="1" visitedMethods="1" numMethods="1" />
          <FullName>ScoreCounter/&lt;Pop&gt;d__10</FullName>
          <Methods>
            <Method visited="true" cyclomaticComplexity="0" nPathComplexity="0" sequenceCoverage="72.22" branchCoverage="0" crapScore="0" isConstructor="false" isStatic="false" isGetter="false" isSetter="false">
              <Summary numSequencePoints="18" visitedSequencePoints="13" numBranchPoints="0" visitedBranchPoints="0" sequenceCoverage="72.22" branchCoverage="0" maxCyclomaticComplexity="0" minCyclomaticComplexity="0" maxCrapScore="0" minCrapScore="0" visitedClasses="0" numClasses="0" visitedMethods="1" numMethods="1" />
              <MetadataToken>100663391</MetadataToken>
              <Name>System.Boolean ScoreCounter/&lt;Pop&gt;d__10::MoveNext()</Name>
              <FileRef uid="16" />
              <SequencePoints>
                <SequencePoint vc="1" uspid="2487" ordinal="0" offset="34" sl="65" sc="5" el="65" ec="5" bec="0" bev="0" fileid="16" />
                <SequencePoint vc="1" uspid="2488" ordinal="0" offset="35" sl="66" sc="9" el="66" ec="9" bec="0" bev="0" fileid="16" />
                <SequencePoint vc="1" uspid="2489" ordinal="0" offset="61" sl="67" sc="9" el="67" ec="9" bec="0" bev="0" fileid="16" />
                <SequencePoint vc="3" uspid="2490" ordinal="0" offset="77" sl="69" sc="9" el="69" ec="9" bec="0" bev="0" fileid="16" />
                <SequencePoint vc="3" uspid="2491" ordinal="0" offset="78" sl="70" sc="13" el="70" ec="13" bec="0" bev="0" fileid="16" />
                <SequencePoint vc="3" uspid="2492" ordinal="0" offset="165" sl="72" sc="18" el="72" ec="18" bec="0" bev="0" fileid="16" />
                <SequencePoint vc="12" uspid="2493" ordinal="0" offset="179" sl="73" sc="17" el="73" ec="17" bec="0" bev="0" fileid="16" />
                <SequencePoint vc="12" uspid="2494" ordinal="0" offset="214" sl="72" sc="53" el="72" ec="53" bec="0" bev="0" fileid="16" />
                <SequencePoint vc="15" uspid="2495" ordinal="0" offset="230" sl="72" sc="33" el="72" ec="33" bec="0" bev="0" fileid="16" />
                <SequencePoint vc="3" uspid="2496" ordinal="0" offset="255" sl="75" sc="13" el="75" ec="13" bec="0" bev="0" fileid="16" />
                <SequencePoint vc="3" uspid="2497" ordinal="0" offset="279" sl="76" sc="13" el="76" ec="13" bec="0" bev="0" fileid="16" />
                <SequencePoint vc="2" uspid="2498" ordinal="0" offset="302" sl="77" sc="9" el="77" ec="9" bec="0" bev="0" fileid="16" />
                <SequencePoint vc="3" uspid="2499" ordinal="0" offset="315" sl="68" sc="9" el="68" ec="9" bec="0" bev="0" fileid="16" />
                <SequencePoint vc="0" uspid="2500" ordinal="0" offset="335" sl="79" sc="14" el="79" ec="14" bec="0" bev="0" fileid="16" />
                <SequencePoint vc="0" uspid="2501" ordinal="0" offset="349" sl="80" sc="13" el="80" ec="13" bec="0" bev="0" fileid="16" />
                <SequencePoint vc="0" uspid="2502" ordinal="0" offset="383" sl="79" sc="49" el="79" ec="49" bec="0" bev="0" fileid="16" />
                <SequencePoint vc="0" uspid="2503" ordinal="0" offset="399" sl="79" sc="29" el="79" ec="29" bec="0" bev="0" fileid="16" />
                <SequencePoint vc="0" uspid="2504" ordinal="0" offset="426" sl="81" sc="5" el="81" ec="5" bec="0" bev="0" fileid="16" />
              </SequencePoints>
              <BranchPoints />
            </Method>
          </Methods>
        </Class>
      </Classes>
    </Module>
  </Modules>
</CoverageSession>